#
# There is insufficient memory for the Java Runtime Environment to continue.
# Native memory allocation (malloc) failed to allocate 1485776 bytes for Chunk::new
# Possible reasons:
#   The system is out of physical RAM or swap space
#   The process is running with CompressedOops enabled, and the Java Heap may be blocking the growth of the native heap
# Possible solutions:
#   Reduce memory load on the system
#   Increase physical memory or swap space
#   Check if swap backing store is full
#   Decrease Java heap size (-Xmx/-Xms)
#   Decrease number of Java threads
#   Decrease Java thread stack sizes (-Xss)
#   Set larger code cache with -XX:ReservedCodeCacheSize=
#   JVM is running with Unscaled Compressed Oops mode in which the Java heap is
#     placed in the first 4GB address space. The Java Heap base address is the
#     maximum limit for the native heap growth. Please use -XX:HeapBaseMinAddress
#     to set the Java Heap base and to place the Java Heap above 4GB virtual address.
# This output file may be truncated or incomplete.
#
#  Out of Memory Error (allocation.cpp:389), pid=8096, tid=0x00000000000052c8
#
# JRE version: Java(TM) SE Runtime Environment (8.0_221-b11) (build 1.8.0_221-b11)
# Java VM: Java HotSpot(TM) 64-Bit Server VM (25.221-b11 mixed mode windows-amd64 compressed oops)
# Failed to write core dump. Minidumps are not enabled by default on client versions of Windows
#

---------------  T H R E A D  ---------------

Current thread (0x0000000019eac000):  JavaThread "C2 CompilerThread2" daemon [_thread_in_native, id=21192, stack(0x000000001a810000,0x000000001a910000)]

Stack: [0x000000001a810000,0x000000001a910000]
[error occurred during error reporting (printing stack bounds), id 0xc0000005]

Native frames: (J=compiled Java code, j=interpreted, Vv=VM code, C=native code)


Current CompileTask:
C2:   6419  937 % !   4       sun.awt.image.PNGImageDecoder::produceImage @ 960 (1916 bytes)


---------------  P R O C E S S  ---------------

Java Threads: ( => current thread )
  0x000000001d182000 JavaThread "TimerQueue" daemon [_thread_blocked, id=20864, stack(0x000000001e890000,0x000000001e990000)]
  0x0000000002fbe800 JavaThread "DestroyJavaVM" [_thread_blocked, id=11832, stack(0x0000000002de0000,0x0000000002ee0000)]
  0x000000001ae3f800 JavaThread "AWT-EventQueue-0" [_thread_blocked, id=3384, stack(0x000000001cbc0000,0x000000001ccc0000)]
  0x000000001ae04800 JavaThread "Image Fetcher 0" daemon [_thread_in_Java, id=2520, stack(0x000000001cac0000,0x000000001cbc0000)]
  0x000000001ada7800 JavaThread "AWT-Windows" daemon [_thread_in_native, id=2144, stack(0x000000001b7d0000,0x000000001b8d0000)]
  0x000000001ada5000 JavaThread "AWT-Shutdown" [_thread_blocked, id=19280, stack(0x000000001b6d0000,0x000000001b7d0000)]
  0x000000001ada4000 JavaThread "Java2D Disposer" daemon [_thread_blocked, id=8868, stack(0x000000001b5d0000,0x000000001b6d0000)]
  0x0000000019f08000 JavaThread "Service Thread" daemon [_thread_blocked, id=3412, stack(0x000000001aa10000,0x000000001ab10000)]
  0x0000000019eaf800 JavaThread "C1 CompilerThread3" daemon [_thread_blocked, id=10092, stack(0x000000001a910000,0x000000001aa10000)]
=>0x0000000019eac000 JavaThread "C2 CompilerThread2" daemon [_thread_in_native, id=21192, stack(0x000000001a810000,0x000000001a910000)]
  0x0000000019ea1000 JavaThread "C2 CompilerThread1" daemon [_thread_in_native, id=4596, stack(0x000000001a710000,0x000000001a810000)]
  0x0000000019e9e800 JavaThread "C2 CompilerThread0" daemon [_thread_blocked, id=20528, stack(0x000000001a610000,0x000000001a710000)]
  0x0000000019e9b800 JavaThread "Attach Listener" daemon [_thread_blocked, id=17856, stack(0x000000001a510000,0x000000001a610000)]
  0x0000000019e48000 JavaThread "Signal Dispatcher" daemon [_thread_blocked, id=16500, stack(0x000000001a410000,0x000000001a510000)]
  0x0000000019e31800 JavaThread "Finalizer" daemon [_thread_blocked, id=18692, stack(0x000000001a310000,0x000000001a410000)]
  0x0000000019e30800 JavaThread "Reference Handler" daemon [_thread_blocked, id=19920, stack(0x000000001a210000,0x000000001a310000)]

Other Threads:
  0x0000000018039000 VMThread [stack: 0x0000000019d10000,0x0000000019e10000] [id=16936]
  0x0000000019f0e000 WatcherThread [stack: 0x000000001ab10000,0x000000001ac10000] [id=1384]

VM state:not at safepoint (normal execution)

VM Mutex/Monitor currently owned by a thread: None

heap address: 0x0000000081c00000, size: 2020 MB, Compressed Oops mode: 32-bit
Narrow klass base: 0x0000000000000000, Narrow klass shift: 3
Compressed class space size: 1073741824 Address: 0x0000000100000000

Heap:
 PSYoungGen      total 38400K, used 28437K [0x00000000d5f00000, 0x00000000d8980000, 0x0000000100000000)
  eden space 33280K, 70% used [0x00000000d5f00000,0x00000000d75cc3e8,0x00000000d7f80000)
  from space 5120K, 99% used [0x00000000d8480000,0x00000000d8979318,0x00000000d8980000)
  to   space 5120K, 0% used [0x00000000d7f80000,0x00000000d7f80000,0x00000000d8480000)
 ParOldGen       total 87552K, used 48704K [0x0000000081c00000, 0x0000000087180000, 0x00000000d5f00000)
  object space 87552K, 55% used [0x0000000081c00000,0x0000000084b90398,0x0000000087180000)
 Metaspace       used 10922K, capacity 11174K, committed 11392K, reserved 1058816K
  class space    used 1264K, capacity 1355K, committed 1408K, reserved 1048576K

Card table byte_map: [0x0000000012480000,0x0000000012880000] byte_map_base: 0x0000000012072000

Marking Bits: (ParMarkBitMap*) 0x000000005b115ce0
 Begin Bits: [0x0000000013330000, 0x00000000152c0000)
 End Bits:   [0x00000000152c0000, 0x0000000017250000)

Polling page: 0x0000000001210000

CodeCache: size=245760Kb used=3641Kb max_used=3651Kb free=242118Kb
 bounds [0x00000000030c0000, 0x0000000003460000, 0x00000000120c0000]
 total_blobs=1421 nmethods=945 adapters=389
 compilation: enabled

Compilation events (10 events):
Event: 6.198 Thread 0x0000000019eaf800 nmethod 942 0x000000000344e750 code [0x000000000344e8c0, 0x000000000344eb10]
Event: 6.296 Thread 0x0000000019eaf800  943   !   3       java.util.zip.Inflater::setInput (74 bytes)
Event: 6.297 Thread 0x0000000019eaf800 nmethod 943 0x000000000344ecd0 code [0x000000000344ee60, 0x000000000344f398]
Event: 6.300 Thread 0x0000000019ea1000  944 %     4       sun.awt.image.PNGImageDecoder::update_crc @ 3 (41 bytes)
Event: 6.317 Thread 0x0000000019ea1000 nmethod 944% 0x0000000003452590 code [0x00000000034526e0, 0x0000000003452ad8]
Event: 6.333 Thread 0x0000000019e9e800  945       4       sun.awt.image.PNGImageDecoder::update_crc (41 bytes)
Event: 6.346 Thread 0x0000000019e9e800 nmethod 945 0x0000000003452bd0 code [0x0000000003452d20, 0x0000000003453098]
Event: 6.400 Thread 0x0000000019eaf800  946       3       sun.awt.image.PNGFilterInputStream::read (89 bytes)
Event: 6.400 Thread 0x0000000019eaf800 nmethod 946 0x0000000003451f10 code [0x00000000034520a0, 0x0000000003452438]
Event: 6.411 Thread 0x0000000019ea1000  947       4       java.io.BufferedInputStream::read1 (108 bytes)

GC Heap History (4 events):
Event: 5.461 GC heap before
{Heap before GC invocations=1 (full 0):
 PSYoungGen      total 38400K, used 30607K [0x00000000d5f00000, 0x00000000d8980000, 0x0000000100000000)
  eden space 33280K, 91% used [0x00000000d5f00000,0x00000000d7ce3fd0,0x00000000d7f80000)
  from space 5120K, 0% used [0x00000000d8480000,0x00000000d8480000,0x00000000d8980000)
  to   space 5120K, 0% used [0x00000000d7f80000,0x00000000d7f80000,0x00000000d8480000)
 ParOldGen       total 87552K, used 0K [0x0000000081c00000, 0x0000000087180000, 0x00000000d5f00000)
  object space 87552K, 0% used [0x0000000081c00000,0x0000000081c00000,0x0000000087180000)
 Metaspace       used 10802K, capacity 11046K, committed 11136K, reserved 1058816K
  class space    used 1258K, capacity 1355K, committed 1408K, reserved 1048576K
Event: 5.486 GC heap after
Heap after GC invocations=1 (full 0):
 PSYoungGen      total 38400K, used 5115K [0x00000000d5f00000, 0x00000000d8980000, 0x0000000100000000)
  eden space 33280K, 0% used [0x00000000d5f00000,0x00000000d5f00000,0x00000000d7f80000)
  from space 5120K, 99% used [0x00000000d7f80000,0x00000000d847ee18,0x00000000d8480000)
  to   space 5120K, 0% used [0x00000000d8480000,0x00000000d8480000,0x00000000d8980000)
 ParOldGen       total 87552K, used 24564K [0x0000000081c00000, 0x0000000087180000, 0x00000000d5f00000)
  object space 87552K, 28% used [0x0000000081c00000,0x00000000833fd378,0x0000000087180000)
 Metaspace       used 10802K, capacity 11046K, committed 11136K, reserved 1058816K
  class space    used 1258K, capacity 1355K, committed 1408K, reserved 1048576K
}
Event: 6.003 GC heap before
{Heap before GC invocations=2 (full 0):
 PSYoungGen      total 38400K, used 38395K [0x00000000d5f00000, 0x00000000d8980000, 0x0000000100000000)
  eden space 33280K, 100% used [0x00000000d5f00000,0x00000000d7f80000,0x00000000d7f80000)
  from space 5120K, 99% used [0x00000000d7f80000,0x00000000d847ee18,0x00000000d8480000)
  to   space 5120K, 0% used [0x00000000d8480000,0x00000000d8480000,0x00000000d8980000)
 ParOldGen       total 87552K, used 24564K [0x0000000081c00000, 0x0000000087180000, 0x00000000d5f00000)
  object space 87552K, 28% used [0x0000000081c00000,0x00000000833fd378,0x0000000087180000)
 Metaspace       used 10906K, capacity 11110K, committed 11392K, reserved 1058816K
  class space    used 1264K, capacity 1355K, committed 1408K, reserved 1048576K
Event: 6.027 GC heap after
Heap after GC invocations=2 (full 0):
 PSYoungGen      total 38400K, used 5092K [0x00000000d5f00000, 0x00000000d8980000, 0x0000000100000000)
  eden space 33280K, 0% used [0x00000000d5f00000,0x00000000d5f00000,0x00000000d7f80000)
  from space 5120K, 99% used [0x00000000d8480000,0x00000000d8979318,0x00000000d8980000)
  to   space 5120K, 0% used [0x00000000d7f80000,0x00000000d7f80000,0x00000000d8480000)
 ParOldGen       total 87552K, used 48704K [0x0000000081c00000, 0x0000000087180000, 0x00000000d5f00000)
  object space 87552K, 55% used [0x0000000081c00000,0x0000000084b90398,0x0000000087180000)
 Metaspace       used 10906K, capacity 11110K, committed 11392K, reserved 1058816K
  class space    used 1264K, capacity 1355K, committed 1408K, reserved 1048576K
}

Deoptimization events (10 events):
Event: 0.624 Thread 0x000000001ae04800 Uncommon trap: reason=unstable_if action=reinterpret pc=0x00000000032a7698 method=sun.awt.image.ImageRepresentation.getOpaqueRGBImage()Ljava/awt/image/BufferedImage; @ 57
Event: 1.190 Thread 0x000000001ae3f800 Uncommon trap: reason=class_check action=maybe_recompile pc=0x000000000333d540 method=java.util.HashMap.putVal(ILjava/lang/Object;Ljava/lang/Object;ZZ)Ljava/lang/Object; @ 203
Event: 1.190 Thread 0x000000001ae3f800 Uncommon trap: reason=class_check action=maybe_recompile pc=0x000000000333d540 method=java.util.HashMap.putVal(ILjava/lang/Object;Ljava/lang/Object;ZZ)Ljava/lang/Object; @ 203
Event: 1.190 Thread 0x000000001ae3f800 Uncommon trap: reason=class_check action=maybe_recompile pc=0x000000000333d540 method=java.util.HashMap.putVal(ILjava/lang/Object;Ljava/lang/Object;ZZ)Ljava/lang/Object; @ 203
Event: 1.190 Thread 0x000000001ae3f800 Uncommon trap: reason=class_check action=maybe_recompile pc=0x000000000333d540 method=java.util.HashMap.putVal(ILjava/lang/Object;Ljava/lang/Object;ZZ)Ljava/lang/Object; @ 203
Event: 1.221 Thread 0x000000001ae3f800 Uncommon trap: reason=unstable_if action=reinterpret pc=0x00000000033899d0 method=java.lang.Character.isSurrogate(C)Z @ 3
Event: 1.222 Thread 0x000000001ae3f800 Uncommon trap: reason=unstable_if action=reinterpret pc=0x00000000032e26d4 method=java.lang.String.toLowerCase(Ljava/util/Locale;)Ljava/lang/String; @ 37
Event: 5.413 Thread 0x000000001ae04800 Uncommon trap: reason=unstable_if action=reinterpret pc=0x000000000333bdd0 method=java.io.WinNTFileSystem.normalize(Ljava/lang/String;)Ljava/lang/String; @ 104
Event: 5.420 Thread 0x000000001ae04800 Uncommon trap: reason=range_check action=make_not_entrant pc=0x00000000032c1b20 method=java.awt.image.DirectColorModel.setFields()V @ 65
Event: 5.666 Thread 0x000000001ae3f800 Uncommon trap: reason=unstable_if action=reinterpret pc=0x0000000003412a90 method=com.sun.imageio.plugins.png.PNGImageReader.paethPredictor(III)I @ 41

Classes redefined (0 events):
No events

Internal exceptions (10 events):
Event: 0.694 Thread 0x0000000002fbe800 Exception <a 'java/io/FileNotFoundException'> (0x00000000d6387718) thrown at [C:\re\workspace\8-2-build-windows-amd64-cygwin\jdk8u221\13320\hotspot\src\share\vm\prims\jni.cpp, line 710]
Event: 0.694 Thread 0x0000000002fbe800 Exception <a 'java/lang/NullPointerException'> (0x00000000d6387dc0) thrown at [C:\re\workspace\8-2-build-windows-amd64-cygwin\jdk8u221\13320\hotspot\src\share\vm\interpreter\linkResolver.cpp, line 1185]
Event: 0.852 Thread 0x000000001ae3f800 Exception <a 'java/io/FileNotFoundException'> (0x00000000d6bca938) thrown at [C:\re\workspace\8-2-build-windows-amd64-cygwin\jdk8u221\13320\hotspot\src\share\vm\prims\jni.cpp, line 710]
Event: 0.853 Thread 0x000000001ae3f800 Exception <a 'java/io/FileNotFoundException'> (0x00000000d6bcdf88) thrown at [C:\re\workspace\8-2-build-windows-amd64-cygwin\jdk8u221\13320\hotspot\src\share\vm\prims\jni.cpp, line 710]
Event: 0.855 Thread 0x000000001ae3f800 Exception <a 'java/io/FileNotFoundException'> (0x00000000d6bd14a0) thrown at [C:\re\workspace\8-2-build-windows-amd64-cygwin\jdk8u221\13320\hotspot\src\share\vm\prims\jni.cpp, line 710]
Event: 0.859 Thread 0x000000001ae3f800 Exception <a 'java/io/FileNotFoundException'> (0x00000000d6bd7f60) thrown at [C:\re\workspace\8-2-build-windows-amd64-cygwin\jdk8u221\13320\hotspot\src\share\vm\prims\jni.cpp, line 710]
Event: 0.879 Thread 0x000000001ae3f800 Exception <a 'java/io/FileNotFoundException'> (0x00000000d70e51c0) thrown at [C:\re\workspace\8-2-build-windows-amd64-cygwin\jdk8u221\13320\hotspot\src\share\vm\prims\jni.cpp, line 710]
Event: 0.880 Thread 0x000000001ae3f800 Exception <a 'java/io/FileNotFoundException'> (0x00000000d70e8720) thrown at [C:\re\workspace\8-2-build-windows-amd64-cygwin\jdk8u221\13320\hotspot\src\share\vm\prims\jni.cpp, line 710]
Event: 0.881 Thread 0x000000001ae3f800 Exception <a 'java/io/FileNotFoundException'> (0x00000000d70ebc18) thrown at [C:\re\workspace\8-2-build-windows-amd64-cygwin\jdk8u221\13320\hotspot\src\share\vm\prims\jni.cpp, line 710]
Event: 0.883 Thread 0x000000001ae3f800 Exception <a 'java/io/FileNotFoundException'> (0x00000000d70f2630) thrown at [C:\re\workspace\8-2-build-windows-amd64-cygwin\jdk8u221\13320\hotspot\src\share\vm\prims\jni.cpp, line 710]

Events (10 events):
Event: 6.003 Executing VM operation: ParallelGCFailedAllocation
Event: 6.027 Executing VM operation: ParallelGCFailedAllocation done
Event: 6.144 Executing VM operation: RevokeBias
Event: 6.145 Executing VM operation: RevokeBias done
Event: 6.150 Executing VM operation: RevokeBias
Event: 6.150 Executing VM operation: RevokeBias done
Event: 6.151 Executing VM operation: RevokeBias
Event: 6.152 Executing VM operation: RevokeBias done
Event: 6.333 Thread 0x000000001ae04800 DEOPT PACKING pc=0x000000000344ea30 sp=0x000000001cbbeb70
Event: 6.333 Thread 0x000000001ae04800 DEOPT UNPACKING pc=0x0000000003107890 sp=0x000000001cbbe898 mode 0


Dynamic libraries:
0x00007ff750550000 - 0x00007ff750587000 	C:\Program Files\Java\jdk1.8.0_221\bin\javaw.exe
0x00007fff76ac0000 - 0x00007fff76cb0000 	C:\WINDOWS\SYSTEM32\ntdll.dll
0x00007fff75df0000 - 0x00007fff75ea2000 	C:\WINDOWS\System32\KERNEL32.DLL
0x00007fff74040000 - 0x00007fff742e4000 	C:\WINDOWS\System32\KERNELBASE.dll
0x00007fff75970000 - 0x00007fff75a13000 	C:\WINDOWS\System32\ADVAPI32.dll
0x00007fff75070000 - 0x00007fff7510e000 	C:\WINDOWS\System32\msvcrt.dll
0x00007fff74d80000 - 0x00007fff74e17000 	C:\WINDOWS\System32\sechost.dll
0x00007fff75a50000 - 0x00007fff75b70000 	C:\WINDOWS\System32\RPCRT4.dll
0x00007fff74e50000 - 0x00007fff74fe4000 	C:\WINDOWS\System32\USER32.dll
0x00007fff73df0000 - 0x00007fff73e11000 	C:\WINDOWS\System32\win32u.dll
0x00007fff74e20000 - 0x00007fff74e46000 	C:\WINDOWS\System32\GDI32.dll
0x00007fff73ad0000 - 0x00007fff73c65000 	C:\WINDOWS\System32\gdi32full.dll
0x00007fff73e20000 - 0x00007fff73ebe000 	C:\WINDOWS\System32\msvcp_win.dll
0x00007fff73f40000 - 0x00007fff7403a000 	C:\WINDOWS\System32\ucrtbase.dll
0x00007fff5d230000 - 0x00007fff5d4b4000 	C:\WINDOWS\WinSxS\amd64_microsoft.windows.common-controls_6595b64144ccf1df_6.0.18362.900_none_e6beb9d913147d17\COMCTL32.dll
0x00007fff75fd0000 - 0x00007fff76305000 	C:\WINDOWS\System32\combase.dll
0x00007fff73a50000 - 0x00007fff73ad0000 	C:\WINDOWS\System32\bcryptPrimitives.dll
0x00007fff75a20000 - 0x00007fff75a4e000 	C:\WINDOWS\System32\IMM32.DLL
0x000000005a730000 - 0x000000005a802000 	C:\Program Files\Java\jdk1.8.0_221\jre\bin\msvcr100.dll
0x000000005a8f0000 - 0x000000005b195000 	C:\Program Files\Java\jdk1.8.0_221\jre\bin\server\jvm.dll
0x00007fff75960000 - 0x00007fff75968000 	C:\WINDOWS\System32\PSAPI.DLL
0x00007fff69e30000 - 0x00007fff69e3a000 	C:\WINDOWS\SYSTEM32\VERSION.dll
0x00007fff60130000 - 0x00007fff60154000 	C:\WINDOWS\SYSTEM32\WINMM.dll
0x00007fff5fe20000 - 0x00007fff5fe29000 	C:\WINDOWS\SYSTEM32\WSOCK32.dll
0x00007fff75f60000 - 0x00007fff75fcf000 	C:\WINDOWS\System32\WS2_32.dll
0x00007fff60100000 - 0x00007fff6012d000 	C:\WINDOWS\SYSTEM32\winmmbase.dll
0x00007fff74a70000 - 0x00007fff74aba000 	C:\WINDOWS\System32\cfgmgr32.dll
0x00007fff71550000 - 0x00007fff7155f000 	C:\Program Files\Java\jdk1.8.0_221\jre\bin\verify.dll
0x00007fff6a600000 - 0x00007fff6a629000 	C:\Program Files\Java\jdk1.8.0_221\jre\bin\java.dll
0x00007fff6ddf0000 - 0x00007fff6de06000 	C:\Program Files\Java\jdk1.8.0_221\jre\bin\zip.dll
0x00007fff76310000 - 0x00007fff769f6000 	C:\WINDOWS\System32\SHELL32.dll
0x00007fff75240000 - 0x00007fff752e9000 	C:\WINDOWS\System32\shcore.dll
0x00007fff742f0000 - 0x00007fff74a70000 	C:\WINDOWS\System32\windows.storage.dll
0x00007fff739e0000 - 0x00007fff73a03000 	C:\WINDOWS\System32\profapi.dll
0x00007fff73990000 - 0x00007fff739da000 	C:\WINDOWS\System32\powrprof.dll
0x00007fff73980000 - 0x00007fff73990000 	C:\WINDOWS\System32\UMPDC.dll
0x00007fff75110000 - 0x00007fff75162000 	C:\WINDOWS\System32\shlwapi.dll
0x00007fff73a10000 - 0x00007fff73a21000 	C:\WINDOWS\System32\kernel.appcore.dll
0x00007fff73f20000 - 0x00007fff73f37000 	C:\WINDOWS\System32\cryptsp.dll
0x00007fff3bc60000 - 0x00007fff3bdf9000 	C:\Program Files\Java\jdk1.8.0_221\jre\bin\awt.dll
0x00007fff75170000 - 0x00007fff75235000 	C:\WINDOWS\System32\OLEAUT32.dll
0x00007fff713e0000 - 0x00007fff7146f000 	C:\WINDOWS\SYSTEM32\apphelp.dll
0x00007fff71f80000 - 0x00007fff71fad000 	C:\WINDOWS\system32\DWMAPI.DLL
0x00007fff71eb0000 - 0x00007fff71f49000 	C:\WINDOWS\system32\uxtheme.dll
0x00007fff48260000 - 0x00007fff483b6000 	C:\WINDOWS\system32\opengl32.dll
0x00007fff715d0000 - 0x00007fff715fc000 	C:\WINDOWS\SYSTEM32\GLU32.dll
0x00007fff725f0000 - 0x00007fff72610000 	C:\WINDOWS\SYSTEM32\dxcore.dll
0x00007fff74c40000 - 0x00007fff74d75000 	C:\WINDOWS\System32\MSCTF.dll
0x00007fff752f0000 - 0x00007fff75447000 	C:\WINDOWS\System32\ole32.dll
0x00007fff67c70000 - 0x00007fff67ca1000 	C:\Program Files\Java\jdk1.8.0_221\jre\bin\jpeg.dll
0x00007fff67ac0000 - 0x00007fff67b09000 	C:\Program Files\Java\jdk1.8.0_221\jre\bin\fontmanager.dll
0x00007fff58480000 - 0x00007fff5851e000 	C:\WINDOWS\System32\TextInputFramework.dll
0x00007fff6f540000 - 0x00007fff6f86a000 	C:\WINDOWS\System32\CoreUIComponents.dll
0x00007fff71470000 - 0x00007fff71544000 	C:\WINDOWS\System32\CoreMessaging.dll
0x00007fff72af0000 - 0x00007fff72b21000 	C:\WINDOWS\SYSTEM32\ntmarta.dll
0x00007fff6f3e0000 - 0x00007fff6f533000 	C:\WINDOWS\SYSTEM32\wintypes.dll
0x00007fff6a400000 - 0x00007fff6a41a000 	C:\Program Files\Java\jdk1.8.0_221\jre\bin\net.dll
0x00007fff5e2d0000 - 0x00007fff5e4a6000 	C:\WINDOWS\SYSTEM32\urlmon.dll
0x00007fff5dd70000 - 0x00007fff5e016000 	C:\WINDOWS\SYSTEM32\iertutil.dll
0x00007fff73360000 - 0x00007fff7336c000 	C:\WINDOWS\SYSTEM32\CRYPTBASE.DLL
0x00007fff73190000 - 0x00007fff731f7000 	C:\WINDOWS\system32\mswsock.dll
0x00007fff68350000 - 0x00007fff68362000 	C:\Program Files\Java\jdk1.8.0_221\jre\bin\nio.dll
0x00007fff67590000 - 0x00007fff675d2000 	C:\Program Files\Java\jdk1.8.0_221\jre\bin\t2k.dll
0x00007fff75eb0000 - 0x00007fff75f52000 	C:\WINDOWS\System32\clbcatq.dll
0x00007fff56ec0000 - 0x00007fff56f8f000 	C:\Windows\System32\IME\IMEKR\imkrtip.dll
0x00007fff70580000 - 0x00007fff70670000 	C:\WINDOWS\SYSTEM32\PROPSYS.dll
0x00007fff56d30000 - 0x00007fff56e69000 	C:\Windows\System32\IME\shared\imetip.dll
0x00007fff603b0000 - 0x00007fff60415000 	C:\WINDOWS\SYSTEM32\OLEACC.dll
0x00007fff53bd0000 - 0x00007fff53d83000 	C:\WINDOWS\SYSTEM32\DUI70.dll
0x00007fff60430000 - 0x00007fff6046e000 	C:\Windows\System32\IME\IMEKR\imkrapi.dll
0x00007fff56cf0000 - 0x00007fff56d2c000 	C:\Windows\System32\IME\shared\imjkapi.dll

VM Arguments:
jvm_args: -Dfile.encoding=MS949 
java_command: Main
java_class_path (initial): C:\Users\±Ë¡¯¿œ\eclipse-workspace\Checkerboard\bin
Launcher Type: SUN_STANDARD

Environment Variables:
JAVA_HOME=C:\Program Files\Java\jdk1.8.0_221
CLASSPATH=%classpath%;.
PATH=C:/Program Files/Java/jdk1.8.0_221/bin/../jre/bin/server;C:/Program Files/Java/jdk1.8.0_221/bin/../jre/bin;C:/Program Files/Java/jdk1.8.0_221/bin/../jre/lib/amd64;C:\Python34\;C:\Python34\Scripts;C:\Program Files\Java\jdk1.8.0_221\bin;C:\Program Files (x86)\Common Files\Oracle\Java\javapath;C:\WINDOWS\system32;C:\WINDOWS;C:\WINDOWS\System32\Wbem;C:\WINDOWS\System32\WindowsPowerShell\v1.0\;C:\Program Files\Intel\WiFi\bin\;C:\Users\±Ë¡¯¿œ\Downloads\jnetpcap-1.4.r1425;C:\Program Files\Git\cmd;C:\Users\±Ë¡¯¿œ\Desktop\flutter\bin;C:\Users\±Ë¡¯¿œ\AppData\Local\android\Sdk\platform-tools;C:\Users\±Ë¡¯¿œ\AppData\Local\android\Sdk\platform-tools;C:\Program Files\Android\Android Studio\jre\bin;C:\Program Files (x86)\Windows Kits\10\Windows Performance Toolkit\;C:\WINDOWS\System32\OpenSSH\;C:\Program Files\PuTTY\;C:\Users\±Ë¡¯¿œ\Desktop\Dev-Cpp\MinGW64\share\doc\MinGW\bin;C:\MinGW\bin;C:\Program Files (x86)\IVI Foundation\VISA\WinNT\Bin;C:\Program Files\MySQL\MySQL Shell 8.0\bin\;C:\Users\±Ë¡¯¿œ\AppData\Local\Programs\Microsoft VS Code\bin;C:\Users\±Ë¡¯¿œ\AppData\Local\Microsoft\WindowsApps;;C:\Users\±Ë¡¯¿œ\Desktop\eclipse;
USERNAME=±Ë¡¯¿œ
OS=Windows_NT
PROCESSOR_IDENTIFIER=Intel64 Family 6 Model 142 Stepping 10, GenuineIntel



---------------  S Y S T E M  ---------------

OS: Windows 10.0 , 64 bit Build 18362 (10.0.18362.900)

CPU:total 8 (initial active 8) (4 cores per cpu, 2 threads per core) family 6 model 142 stepping 10, cmov, cx8, fxsr, mmx, sse, sse2, sse3, ssse3, sse4.1, sse4.2, popcnt, avx, avx2, aes, clmul, erms, 3dnowpref, lzcnt, ht, tsc, tscinvbit, bmi1, bmi2, adx

Memory: 4k page, physical 8268656k(1837208k free), swap 33434480k(6220k free)

vm_info: Java HotSpot(TM) 64-Bit Server VM (25.221-b11) for windows-amd64 JRE (1.8.0_221-b11), built on Jul  4 2019 04:39:29 by "java_re" with MS VC++ 10.0 (VS2010)

time: Mon Jul 06 20:28:43 2020
timezone: ¥Î«—πŒ±π «•¡ÿΩ√
elapsed time: 6 seconds (0d 0h 0m 6s)

