#
# There is insufficient memory for the Java Runtime Environment to continue.
# Native memory allocation (malloc) failed to allocate 391376 bytes for Chunk::new
# Possible reasons:
#   The system is out of physical RAM or swap space
#   The process is running with CompressedOops enabled, and the Java Heap may be blocking the growth of the native heap
# Possible solutions:
#   Reduce memory load on the system
#   Increase physical memory or swap space
#   Check if swap backing store is full
#   Decrease Java heap size (-Xmx/-Xms)
#   Decrease number of Java threads
#   Decrease Java thread stack sizes (-Xss)
#   Set larger code cache with -XX:ReservedCodeCacheSize=
#   JVM is running with Unscaled Compressed Oops mode in which the Java heap is
#     placed in the first 4GB address space. The Java Heap base address is the
#     maximum limit for the native heap growth. Please use -XX:HeapBaseMinAddress
#     to set the Java Heap base and to place the Java Heap above 4GB virtual address.
# This output file may be truncated or incomplete.
#
#  Out of Memory Error (allocation.cpp:389), pid=8888, tid=0x0000000000000b00
#
# JRE version: Java(TM) SE Runtime Environment (8.0_221-b11) (build 1.8.0_221-b11)
# Java VM: Java HotSpot(TM) 64-Bit Server VM (25.221-b11 mixed mode windows-amd64 compressed oops)
# Failed to write core dump. Minidumps are not enabled by default on client versions of Windows
#

---------------  T H R E A D  ---------------

Current thread (0x000000001995f800):  JavaThread "C2 CompilerThread0" daemon [_thread_in_native, id=2816, stack(0x000000001a0d0000,0x000000001a1d0000)]

Stack: [0x000000001a0d0000,0x000000001a1d0000]
[error occurred during error reporting (printing stack bounds), id 0xc0000005]

Native frames: (J=compiled Java code, j=interpreted, Vv=VM code, C=native code)


Current CompileTask:
C2:1858103 1663   !   4       java.awt.EventDispatchThread::pumpOneEventForFilters (190 bytes)


---------------  P R O C E S S  ---------------

Java Threads: ( => current thread )
  0x000000001ae74800 JavaThread "TimerQueue" daemon [_thread_blocked, id=1876, stack(0x000000001d9f0000,0x000000001daf0000)]
  0x0000000002b8e800 JavaThread "DestroyJavaVM" [_thread_blocked, id=8044, stack(0x00000000024e0000,0x00000000025e0000)]
  0x000000001a9f4800 JavaThread "AWT-EventQueue-0" [_thread_blocked, id=9896, stack(0x000000001bd20000,0x000000001be20000)]
  0x000000001a858800 JavaThread "AWT-Windows" daemon [_thread_in_native, id=10908, stack(0x000000001b240000,0x000000001b340000)]
  0x000000001a856000 JavaThread "AWT-Shutdown" [_thread_blocked, id=17608, stack(0x000000001b140000,0x000000001b240000)]
  0x000000001a855000 JavaThread "Java2D Disposer" daemon [_thread_blocked, id=16608, stack(0x000000001b040000,0x000000001b140000)]
  0x000000001997f800 JavaThread "Service Thread" daemon [_thread_blocked, id=4360, stack(0x000000001a4d0000,0x000000001a5d0000)]
  0x0000000019970800 JavaThread "C1 CompilerThread3" daemon [_thread_blocked, id=20884, stack(0x000000001a3d0000,0x000000001a4d0000)]
  0x0000000019969800 JavaThread "C2 CompilerThread2" daemon [_thread_blocked, id=6444, stack(0x000000001a2d0000,0x000000001a3d0000)]
  0x0000000019965800 JavaThread "C2 CompilerThread1" daemon [_thread_blocked, id=13244, stack(0x000000001a1d0000,0x000000001a2d0000)]
=>0x000000001995f800 JavaThread "C2 CompilerThread0" daemon [_thread_in_native, id=2816, stack(0x000000001a0d0000,0x000000001a1d0000)]
  0x000000001995d000 JavaThread "Attach Listener" daemon [_thread_blocked, id=18060, stack(0x0000000019fd0000,0x000000001a0d0000)]
  0x000000001995c000 JavaThread "Signal Dispatcher" daemon [_thread_blocked, id=2156, stack(0x0000000019ed0000,0x0000000019fd0000)]
  0x0000000017b13800 JavaThread "Finalizer" daemon [_thread_blocked, id=16524, stack(0x0000000019dd0000,0x0000000019ed0000)]
  0x0000000017b0c800 JavaThread "Reference Handler" daemon [_thread_blocked, id=19548, stack(0x0000000019cd0000,0x0000000019dd0000)]

Other Threads:
  0x0000000017b08800 VMThread [stack: 0x00000000197d0000,0x00000000198d0000] [id=16536]
  0x0000000019982800 WatcherThread [stack: 0x000000001a5d0000,0x000000001a6d0000] [id=19024]

VM state:not at safepoint (normal execution)

VM Mutex/Monitor currently owned by a thread: None

heap address: 0x0000000081c00000, size: 2020 MB, Compressed Oops mode: 32-bit
Narrow klass base: 0x0000000000000000, Narrow klass shift: 3
Compressed class space size: 1073741824 Address: 0x0000000100000000

Heap:
 PSYoungGen      total 249856K, used 30661K [0x00000000d5f00000, 0x00000000f2b80000, 0x0000000100000000)
  eden space 238592K, 12% used [0x00000000d5f00000,0x00000000d7cf1438,0x00000000e4800000)
  from space 11264K, 0% used [0x00000000e4800000,0x00000000e4800000,0x00000000e5300000)
  to   space 11264K, 0% used [0x00000000f2080000,0x00000000f2080000,0x00000000f2b80000)
 ParOldGen       total 160256K, used 65366K [0x0000000081c00000, 0x000000008b880000, 0x00000000d5f00000)
  object space 160256K, 40% used [0x0000000081c00000,0x0000000085bd5b40,0x000000008b880000)
 Metaspace       used 11534K, capacity 11716K, committed 11904K, reserved 1060864K
  class space    used 1288K, capacity 1356K, committed 1408K, reserved 1048576K

Card table byte_map: [0x0000000011f50000,0x0000000012350000] byte_map_base: 0x0000000011b42000

Marking Bits: (ParMarkBitMap*) 0x000000006d2d5ce0
 Begin Bits: [0x0000000012e00000, 0x0000000014d90000)
 End Bits:   [0x0000000014d90000, 0x0000000016d20000)

Polling page: 0x0000000000d00000

CodeCache: size=245760Kb used=5301Kb max_used=5313Kb free=240458Kb
 bounds [0x0000000002b90000, 0x00000000030d0000, 0x0000000011b90000]
 total_blobs=1987 nmethods=1510 adapters=389
 compilation: enabled

Compilation events (10 events):
Event: 1569.542 Thread 0x0000000019970800 nmethod 1658 0x0000000002ed3950 code [0x0000000002ed3b80, 0x0000000002ed4828]
Event: 1820.651 Thread 0x0000000019969800 1659       4       javax.swing.TimerQueue::now (8 bytes)
Event: 1820.652 Thread 0x0000000019969800 nmethod 1659 0x0000000002fee090 code [0x0000000002fee1c0, 0x0000000002fee218]
Event: 1842.898 Thread 0x0000000019965800 1660   !   4       java.awt.EventQueue::setCurrentEventAndMostRecentTimeImpl (185 bytes)
Event: 1842.904 Thread 0x0000000019965800 nmethod 1660 0x00000000030c09d0 code [0x00000000030c0ba0, 0x00000000030c1170]
Event: 1854.032 Thread 0x0000000019965800 1661       4       java.awt.EventQueue::dispatchEvent (80 bytes)
Event: 1854.045 Thread 0x0000000019965800 nmethod 1661 0x0000000002d44b10 code [0x0000000002d44d00, 0x0000000002d45a10]
Event: 1858.065 Thread 0x0000000019969800 1662   !   4       java.awt.EventDispatchThread::filterAndCheckEvent (108 bytes)
Event: 1858.065 Thread 0x000000001995f800 1663   !   4       java.awt.EventDispatchThread::pumpOneEventForFilters (190 bytes)
Event: 1858.076 Thread 0x0000000019969800 nmethod 1662 0x00000000030be550 code [0x00000000030be6a0, 0x00000000030beb38]

GC Heap History (10 events):
Event: 44.662 GC heap before
{Heap before GC invocations=6 (full 1):
 PSYoungGen      total 127488K, used 127200K [0x00000000d5f00000, 0x00000000de680000, 0x0000000100000000)
  eden space 126976K, 100% used [0x00000000d5f00000,0x00000000ddb00000,0x00000000ddb00000)
  from space 512K, 43% used [0x00000000de600000,0x00000000de638000,0x00000000de680000)
  to   space 5120K, 0% used [0x00000000ddc80000,0x00000000ddc80000,0x00000000de180000)
 ParOldGen       total 110592K, used 59678K [0x0000000081c00000, 0x0000000088800000, 0x00000000d5f00000)
  object space 110592K, 53% used [0x0000000081c00000,0x0000000085647910,0x0000000088800000)
 Metaspace       used 11191K, capacity 11382K, committed 11648K, reserved 1058816K
  class space    used 1287K, capacity 1355K, committed 1408K, reserved 1048576K
Event: 44.670 GC heap after
Heap after GC invocations=6 (full 1):
 PSYoungGen      total 133632K, used 256K [0x00000000d5f00000, 0x00000000e5e00000, 0x0000000100000000)
  eden space 128512K, 0% used [0x00000000d5f00000,0x00000000d5f00000,0x00000000ddc80000)
  from space 5120K, 5% used [0x00000000ddc80000,0x00000000ddcc0000,0x00000000de180000)
  to   space 11264K, 0% used [0x00000000e5300000,0x00000000e5300000,0x00000000e5e00000)
 ParOldGen       total 110592K, used 93436K [0x0000000081c00000, 0x0000000088800000, 0x00000000d5f00000)
  object space 110592K, 84% used [0x0000000081c00000,0x000000008773f170,0x0000000088800000)
 Metaspace       used 11191K, capacity 11382K, committed 11648K, reserved 1058816K
  class space    used 1287K, capacity 1355K, committed 1408K, reserved 1048576K
}
Event: 44.670 GC heap before
{Heap before GC invocations=7 (full 2):
 PSYoungGen      total 133632K, used 256K [0x00000000d5f00000, 0x00000000e5e00000, 0x0000000100000000)
  eden space 128512K, 0% used [0x00000000d5f00000,0x00000000d5f00000,0x00000000ddc80000)
  from space 5120K, 5% used [0x00000000ddc80000,0x00000000ddcc0000,0x00000000de180000)
  to   space 11264K, 0% used [0x00000000e5300000,0x00000000e5300000,0x00000000e5e00000)
 ParOldGen       total 110592K, used 93436K [0x0000000081c00000, 0x0000000088800000, 0x00000000d5f00000)
  object space 110592K, 84% used [0x0000000081c00000,0x000000008773f170,0x0000000088800000)
 Metaspace       used 11191K, capacity 11382K, committed 11648K, reserved 1058816K
  class space    used 1287K, capacity 1355K, committed 1408K, reserved 1048576K
Event: 44.687 GC heap after
Heap after GC invocations=7 (full 2):
 PSYoungGen      total 133632K, used 0K [0x00000000d5f00000, 0x00000000e5e00000, 0x0000000100000000)
  eden space 128512K, 0% used [0x00000000d5f00000,0x00000000d5f00000,0x00000000ddc80000)
  from space 5120K, 0% used [0x00000000ddc80000,0x00000000ddc80000,0x00000000de180000)
  to   space 11264K, 0% used [0x00000000e5300000,0x00000000e5300000,0x00000000e5e00000)
 ParOldGen       total 126976K, used 37190K [0x0000000081c00000, 0x0000000089800000, 0x00000000d5f00000)
  object space 126976K, 29% used [0x0000000081c00000,0x0000000084051990,0x0000000089800000)
 Metaspace       used 11191K, capacity 11382K, committed 11648K, reserved 1058816K
  class space    used 1287K, capacity 1355K, committed 1408K, reserved 1048576K
}
Event: 46.927 GC heap before
{Heap before GC invocations=8 (full 2):
 PSYoungGen      total 133632K, used 128512K [0x00000000d5f00000, 0x00000000e5e00000, 0x0000000100000000)
  eden space 128512K, 100% used [0x00000000d5f00000,0x00000000ddc80000,0x00000000ddc80000)
  from space 5120K, 0% used [0x00000000ddc80000,0x00000000ddc80000,0x00000000de180000)
  to   space 11264K, 0% used [0x00000000e5300000,0x00000000e5300000,0x00000000e5e00000)
 ParOldGen       total 126976K, used 37190K [0x0000000081c00000, 0x0000000089800000, 0x00000000d5f00000)
  object space 126976K, 29% used [0x0000000081c00000,0x0000000084051990,0x0000000089800000)
 Metaspace       used 11202K, capacity 11388K, committed 11648K, reserved 1058816K
  class space    used 1287K, capacity 1356K, committed 1408K, reserved 1048576K
Event: 46.934 GC heap after
Heap after GC invocations=8 (full 2):
 PSYoungGen      total 249856K, used 5913K [0x00000000d5f00000, 0x00000000e6480000, 0x0000000100000000)
  eden space 238592K, 0% used [0x00000000d5f00000,0x00000000d5f00000,0x00000000e4800000)
  from space 11264K, 52% used [0x00000000e5300000,0x00000000e58c6410,0x00000000e5e00000)
  to   space 11264K, 0% used [0x00000000e4800000,0x00000000e4800000,0x00000000e5300000)
 ParOldGen       total 126976K, used 65323K [0x0000000081c00000, 0x0000000089800000, 0x00000000d5f00000)
  object space 126976K, 51% used [0x0000000081c00000,0x0000000085bcade0,0x0000000089800000)
 Metaspace       used 11202K, capacity 11388K, committed 11648K, reserved 1058816K
  class space    used 1287K, capacity 1356K, committed 1408K, reserved 1048576K
}
Event: 1569.376 GC heap before
{Heap before GC invocations=9 (full 2):
 PSYoungGen      total 249856K, used 244505K [0x00000000d5f00000, 0x00000000e6480000, 0x0000000100000000)
  eden space 238592K, 100% used [0x00000000d5f00000,0x00000000e4800000,0x00000000e4800000)
  from space 11264K, 52% used [0x00000000e5300000,0x00000000e58c6410,0x00000000e5e00000)
  to   space 11264K, 0% used [0x00000000e4800000,0x00000000e4800000,0x00000000e5300000)
 ParOldGen       total 126976K, used 65323K [0x0000000081c00000, 0x0000000089800000, 0x00000000d5f00000)
  object space 126976K, 51% used [0x0000000081c00000,0x0000000085bcade0,0x0000000089800000)
 Metaspace       used 11533K, capacity 11716K, committed 11904K, reserved 1060864K
  class space    used 1288K, capacity 1356K, committed 1408K, reserved 1048576K
Event: 1569.422 GC heap after
Heap after GC invocations=9 (full 2):
 PSYoungGen      total 249856K, used 5913K [0x00000000d5f00000, 0x00000000f2b80000, 0x0000000100000000)
  eden space 238592K, 0% used [0x00000000d5f00000,0x00000000d5f00000,0x00000000e4800000)
  from space 11264K, 52% used [0x00000000e4800000,0x00000000e4dc6410,0x00000000e5300000)
  to   space 11264K, 0% used [0x00000000f2080000,0x00000000f2080000,0x00000000f2b80000)
 ParOldGen       total 126976K, used 110331K [0x0000000081c00000, 0x0000000089800000, 0x00000000d5f00000)
  object space 126976K, 86% used [0x0000000081c00000,0x00000000887bee60,0x0000000089800000)
 Metaspace       used 11533K, capacity 11716K, committed 11904K, reserved 1060864K
  class space    used 1288K, capacity 1356K, committed 1408K, reserved 1048576K
}
Event: 1569.422 GC heap before
{Heap before GC invocations=10 (full 3):
 PSYoungGen      total 249856K, used 5913K [0x00000000d5f00000, 0x00000000f2b80000, 0x0000000100000000)
  eden space 238592K, 0% used [0x00000000d5f00000,0x00000000d5f00000,0x00000000e4800000)
  from space 11264K, 52% used [0x00000000e4800000,0x00000000e4dc6410,0x00000000e5300000)
  to   space 11264K, 0% used [0x00000000f2080000,0x00000000f2080000,0x00000000f2b80000)
 ParOldGen       total 126976K, used 110331K [0x0000000081c00000, 0x0000000089800000, 0x00000000d5f00000)
  object space 126976K, 86% used [0x0000000081c00000,0x00000000887bee60,0x0000000089800000)
 Metaspace       used 11533K, capacity 11716K, committed 11904K, reserved 1060864K
  class space    used 1288K, capacity 1356K, committed 1408K, reserved 1048576K
Event: 1569.541 GC heap after
Heap after GC invocations=10 (full 3):
 PSYoungGen      total 249856K, used 0K [0x00000000d5f00000, 0x00000000f2b80000, 0x0000000100000000)
  eden space 238592K, 0% used [0x00000000d5f00000,0x00000000d5f00000,0x00000000e4800000)
  from space 11264K, 0% used [0x00000000e4800000,0x00000000e4800000,0x00000000e5300000)
  to   space 11264K, 0% used [0x00000000f2080000,0x00000000f2080000,0x00000000f2b80000)
 ParOldGen       total 160256K, used 65366K [0x0000000081c00000, 0x000000008b880000, 0x00000000d5f00000)
  object space 160256K, 40% used [0x0000000081c00000,0x0000000085bd5b40,0x000000008b880000)
 Metaspace       used 11533K, capacity 11716K, committed 11904K, reserved 1060864K
  class space    used 1288K, capacity 1356K, committed 1408K, reserved 1048576K
}

Deoptimization events (10 events):
Event: 0.691 Thread 0x000000001a9f4800 Uncommon trap: reason=class_check action=maybe_recompile pc=0x0000000002e47300 method=java.util.HashMap.putVal(ILjava/lang/Object;Ljava/lang/Object;ZZ)Ljava/lang/Object; @ 203
Event: 0.691 Thread 0x000000001a9f4800 Uncommon trap: reason=class_check action=maybe_recompile pc=0x0000000002e47300 method=java.util.HashMap.putVal(ILjava/lang/Object;Ljava/lang/Object;ZZ)Ljava/lang/Object; @ 203
Event: 0.704 Thread 0x000000001a9f4800 Uncommon trap: reason=unstable_if action=reinterpret pc=0x0000000002ea0b34 method=java.lang.Character.isSurrogate(C)Z @ 3
Event: 0.704 Thread 0x000000001a9f4800 Uncommon trap: reason=unstable_if action=reinterpret pc=0x0000000002dfe414 method=java.lang.String.toLowerCase(Ljava/util/Locale;)Ljava/lang/String; @ 37
Event: 3.003 Thread 0x000000001a9f4800 Uncommon trap: reason=unstable_if action=reinterpret pc=0x0000000002ee0354 method=java.awt.Component.inside(II)Z @ 21
Event: 6.160 Thread 0x000000001a8af000 Uncommon trap: reason=range_check action=make_not_entrant pc=0x0000000002db4d24 method=java.awt.image.DirectColorModel.setFields()V @ 65
Event: 50.822 Thread 0x000000001a9f4800 Uncommon trap: reason=unstable_if action=reinterpret pc=0x0000000002f22e50 method=java.awt.Component.inside(II)Z @ 13
Event: 54.244 Thread 0x000000001a9f4800 Uncommon trap: reason=speculate_class_check action=maybe_recompile pc=0x000000000300017c method=java.awt.EventQueue.coalesceEvent(Ljava/awt/AWTEvent;I)Z @ 53
Event: 375.636 Thread 0x000000001a9f4800 Uncommon trap: reason=unstable_if action=reinterpret pc=0x0000000002ea9ecc method=sun.font.CMap$CMapFormat4.getGlyph(I)C @ 181
Event: 1075.219 Thread 0x000000001a9f4800 Uncommon trap: reason=speculate_class_check action=maybe_recompile pc=0x000000000300017c method=java.awt.EventQueue.coalesceEvent(Ljava/awt/AWTEvent;I)Z @ 53

Classes redefined (0 events):
No events

Internal exceptions (10 events):
Event: 0.455 Thread 0x0000000002b8e800 Exception <a 'java/io/FileNotFoundException'> (0x00000000d5f49830) thrown at [C:\re\workspace\8-2-build-windows-amd64-cygwin\jdk8u221\13320\hotspot\src\share\vm\prims\jni.cpp, line 710]
Event: 0.455 Thread 0x0000000002b8e800 Exception <a 'java/lang/NullPointerException'> (0x00000000d5f49ed8) thrown at [C:\re\workspace\8-2-build-windows-amd64-cygwin\jdk8u221\13320\hotspot\src\share\vm\interpreter\linkResolver.cpp, line 1185]
Event: 0.558 Thread 0x000000001a9f4800 Exception <a 'java/io/FileNotFoundException'> (0x00000000d6707938) thrown at [C:\re\workspace\8-2-build-windows-amd64-cygwin\jdk8u221\13320\hotspot\src\share\vm\prims\jni.cpp, line 710]
Event: 0.558 Thread 0x000000001a9f4800 Exception <a 'java/io/FileNotFoundException'> (0x00000000d670aeb8) thrown at [C:\re\workspace\8-2-build-windows-amd64-cygwin\jdk8u221\13320\hotspot\src\share\vm\prims\jni.cpp, line 710]
Event: 0.559 Thread 0x000000001a9f4800 Exception <a 'java/io/FileNotFoundException'> (0x00000000d670e560) thrown at [C:\re\workspace\8-2-build-windows-amd64-cygwin\jdk8u221\13320\hotspot\src\share\vm\prims\jni.cpp, line 710]
Event: 0.560 Thread 0x000000001a9f4800 Exception <a 'java/io/FileNotFoundException'> (0x00000000d6714f98) thrown at [C:\re\workspace\8-2-build-windows-amd64-cygwin\jdk8u221\13320\hotspot\src\share\vm\prims\jni.cpp, line 710]
Event: 0.570 Thread 0x000000001a9f4800 Exception <a 'java/io/FileNotFoundException'> (0x00000000d67528d8) thrown at [C:\re\workspace\8-2-build-windows-amd64-cygwin\jdk8u221\13320\hotspot\src\share\vm\prims\jni.cpp, line 710]
Event: 0.571 Thread 0x000000001a9f4800 Exception <a 'java/io/FileNotFoundException'> (0x00000000d6755e38) thrown at [C:\re\workspace\8-2-build-windows-amd64-cygwin\jdk8u221\13320\hotspot\src\share\vm\prims\jni.cpp, line 710]
Event: 0.571 Thread 0x000000001a9f4800 Exception <a 'java/io/FileNotFoundException'> (0x00000000d6759330) thrown at [C:\re\workspace\8-2-build-windows-amd64-cygwin\jdk8u221\13320\hotspot\src\share\vm\prims\jni.cpp, line 710]
Event: 0.572 Thread 0x000000001a9f4800 Exception <a 'java/io/FileNotFoundException'> (0x00000000d6760058) thrown at [C:\re\workspace\8-2-build-windows-amd64-cygwin\jdk8u221\13320\hotspot\src\share\vm\prims\jni.cpp, line 710]

Events (10 events):
Event: 1075.219 Thread 0x000000001a9f4800 DEOPT PACKING pc=0x000000000300017c sp=0x000000001be1eaa0
Event: 1075.219 Thread 0x000000001a9f4800 DEOPT UNPACKING pc=0x0000000002bd583b sp=0x000000001be1e910 mode 2
Event: 1569.376 Executing VM operation: ParallelGCFailedAllocation
Event: 1569.541 Executing VM operation: ParallelGCFailedAllocation done
Event: 1569.541 Executing VM operation: RevokeBias
Event: 1569.542 Executing VM operation: RevokeBias done
Event: 1569.542 Executing VM operation: RevokeBias
Event: 1569.542 Executing VM operation: RevokeBias done
Event: 1569.542 Executing VM operation: RevokeBias
Event: 1569.542 Executing VM operation: RevokeBias done


Dynamic libraries:
0x00007ff7d7b20000 - 0x00007ff7d7b57000 	C:\Program Files\Java\jdk1.8.0_221\bin\javaw.exe
0x00007ffffbd60000 - 0x00007ffffbf50000 	C:\WINDOWS\SYSTEM32\ntdll.dll
0x00007ffff9e10000 - 0x00007ffff9ec2000 	C:\WINDOWS\System32\KERNEL32.DLL
0x00007ffff8cf0000 - 0x00007ffff8f94000 	C:\WINDOWS\System32\KERNELBASE.dll
0x00007ffffb480000 - 0x00007ffffb523000 	C:\WINDOWS\System32\ADVAPI32.dll
0x00007ffffb6d0000 - 0x00007ffffb76e000 	C:\WINDOWS\System32\msvcrt.dll
0x00007ffffa030000 - 0x00007ffffa0c7000 	C:\WINDOWS\System32\sechost.dll
0x00007ffffa0d0000 - 0x00007ffffa1f0000 	C:\WINDOWS\System32\RPCRT4.dll
0x00007ffffb530000 - 0x00007ffffb6c4000 	C:\WINDOWS\System32\USER32.dll
0x00007ffff9c40000 - 0x00007ffff9c61000 	C:\WINDOWS\System32\win32u.dll
0x00007ffffb080000 - 0x00007ffffb0a6000 	C:\WINDOWS\System32\GDI32.dll
0x00007ffff9c70000 - 0x00007ffff9e05000 	C:\WINDOWS\System32\gdi32full.dll
0x00007ffff9380000 - 0x00007ffff941e000 	C:\WINDOWS\System32\msvcp_win.dll
0x00007ffff9280000 - 0x00007ffff937a000 	C:\WINDOWS\System32\ucrtbase.dll
0x00007fffe34d0000 - 0x00007fffe3754000 	C:\WINDOWS\WinSxS\amd64_microsoft.windows.common-controls_6595b64144ccf1df_6.0.18362.900_none_e6beb9d913147d17\COMCTL32.dll
0x00007ffffb940000 - 0x00007ffffbc75000 	C:\WINDOWS\System32\combase.dll
0x00007ffff9bc0000 - 0x00007ffff9c40000 	C:\WINDOWS\System32\bcryptPrimitives.dll
0x00007ffffb120000 - 0x00007ffffb14e000 	C:\WINDOWS\System32\IMM32.DLL
0x000000006ea30000 - 0x000000006eb02000 	C:\Program Files\Java\jdk1.8.0_221\jre\bin\msvcr100.dll
0x000000006cab0000 - 0x000000006d355000 	C:\Program Files\Java\jdk1.8.0_221\jre\bin\server\jvm.dll
0x00007ffffbc80000 - 0x00007ffffbc88000 	C:\WINDOWS\System32\PSAPI.DLL
0x00007fffe7190000 - 0x00007fffe7199000 	C:\WINDOWS\SYSTEM32\WSOCK32.dll
0x00007ffffb0b0000 - 0x00007ffffb11f000 	C:\WINDOWS\System32\WS2_32.dll
0x00007ffff67f0000 - 0x00007ffff6814000 	C:\WINDOWS\SYSTEM32\WINMM.dll
0x00007ffff0ed0000 - 0x00007ffff0eda000 	C:\WINDOWS\SYSTEM32\VERSION.dll
0x00007ffff6770000 - 0x00007ffff679d000 	C:\WINDOWS\SYSTEM32\winmmbase.dll
0x00007ffff8fa0000 - 0x00007ffff8fea000 	C:\WINDOWS\System32\cfgmgr32.dll
0x00007ffff4e50000 - 0x00007ffff4e5f000 	C:\Program Files\Java\jdk1.8.0_221\jre\bin\verify.dll
0x00007ffff1d50000 - 0x00007ffff1d79000 	C:\Program Files\Java\jdk1.8.0_221\jre\bin\java.dll
0x00007ffff3320000 - 0x00007ffff3336000 	C:\Program Files\Java\jdk1.8.0_221\jre\bin\zip.dll
0x00007ffffa1f0000 - 0x00007ffffa8d6000 	C:\WINDOWS\System32\SHELL32.dll
0x00007ffffaa80000 - 0x00007ffffab29000 	C:\WINDOWS\System32\shcore.dll
0x00007ffff9420000 - 0x00007ffff9ba0000 	C:\WINDOWS\System32\windows.storage.dll
0x00007ffff8c50000 - 0x00007ffff8c73000 	C:\WINDOWS\System32\profapi.dll
0x00007ffff8ca0000 - 0x00007ffff8cea000 	C:\WINDOWS\System32\powrprof.dll
0x00007ffff8c20000 - 0x00007ffff8c30000 	C:\WINDOWS\System32\UMPDC.dll
0x00007ffffb420000 - 0x00007ffffb472000 	C:\WINDOWS\System32\shlwapi.dll
0x00007ffff8c80000 - 0x00007ffff8c91000 	C:\WINDOWS\System32\kernel.appcore.dll
0x00007ffff9ba0000 - 0x00007ffff9bb7000 	C:\WINDOWS\System32\cryptsp.dll
0x00007fffdfe50000 - 0x00007fffdffe9000 	C:\Program Files\Java\jdk1.8.0_221\jre\bin\awt.dll
0x00007ffffafb0000 - 0x00007ffffb075000 	C:\WINDOWS\System32\OLEAUT32.dll
0x00007ffff6820000 - 0x00007ffff68af000 	C:\WINDOWS\SYSTEM32\apphelp.dll
0x00007ffff7010000 - 0x00007ffff703d000 	C:\WINDOWS\system32\DWMAPI.DLL
0x00007ffff6be0000 - 0x00007ffff6c79000 	C:\WINDOWS\system32\uxtheme.dll
0x00007fffd7250000 - 0x00007fffd73a6000 	C:\WINDOWS\system32\opengl32.dll
0x00007fffd7ac0000 - 0x00007fffd7aec000 	C:\WINDOWS\SYSTEM32\GLU32.dll
0x00007ffff7890000 - 0x00007ffff78b0000 	C:\WINDOWS\SYSTEM32\dxcore.dll
0x00007ffffa8e0000 - 0x00007ffffaa15000 	C:\WINDOWS\System32\MSCTF.dll
0x00007ffff9ed0000 - 0x00007ffffa027000 	C:\WINDOWS\System32\ole32.dll
0x00007ffff0290000 - 0x00007ffff02c1000 	C:\Program Files\Java\jdk1.8.0_221\jre\bin\jpeg.dll
0x00007fffefc60000 - 0x00007fffefca9000 	C:\Program Files\Java\jdk1.8.0_221\jre\bin\fontmanager.dll
0x00007fffe38a0000 - 0x00007fffe393e000 	C:\WINDOWS\System32\TextInputFramework.dll
0x00007ffff61a0000 - 0x00007ffff6274000 	C:\WINDOWS\System32\CoreMessaging.dll
0x00007ffff3f50000 - 0x00007ffff427a000 	C:\WINDOWS\System32\CoreUIComponents.dll
0x00007ffff7d90000 - 0x00007ffff7dc1000 	C:\WINDOWS\SYSTEM32\ntmarta.dll
0x00007ffff4530000 - 0x00007ffff4683000 	C:\WINDOWS\SYSTEM32\wintypes.dll
0x00007ffff1d30000 - 0x00007ffff1d4a000 	C:\Program Files\Java\jdk1.8.0_221\jre\bin\net.dll
0x00007fffe7600000 - 0x00007fffe77d6000 	C:\WINDOWS\SYSTEM32\urlmon.dll
0x00007fffe7350000 - 0x00007fffe75f6000 	C:\WINDOWS\SYSTEM32\iertutil.dll
0x00007ffff8600000 - 0x00007ffff860c000 	C:\WINDOWS\SYSTEM32\CRYPTBASE.DLL
0x00007ffff8430000 - 0x00007ffff8497000 	C:\WINDOWS\system32\mswsock.dll
0x00007ffff1d10000 - 0x00007ffff1d22000 	C:\Program Files\Java\jdk1.8.0_221\jre\bin\nio.dll
0x00007fffefc10000 - 0x00007fffefc52000 	C:\Program Files\Java\jdk1.8.0_221\jre\bin\t2k.dll
0x00007ffffb150000 - 0x00007ffffb1f2000 	C:\WINDOWS\System32\clbcatq.dll
0x00007fffc0f80000 - 0x00007fffc104f000 	C:\Windows\System32\IME\IMEKR\imkrtip.dll
0x00007ffff5050000 - 0x00007ffff5140000 	C:\WINDOWS\SYSTEM32\PROPSYS.dll
0x00007fffc0e40000 - 0x00007fffc0f79000 	C:\Windows\System32\IME\shared\imetip.dll
0x00007fffce420000 - 0x00007fffce5d3000 	C:\WINDOWS\SYSTEM32\DUI70.dll
0x00007fffe4310000 - 0x00007fffe4375000 	C:\WINDOWS\SYSTEM32\OLEACC.dll
0x00007fffce270000 - 0x00007fffce2ae000 	C:\Windows\System32\IME\IMEKR\imkrapi.dll
0x00007fffce180000 - 0x00007fffce1bc000 	C:\Windows\System32\IME\shared\imjkapi.dll

VM Arguments:
jvm_args: -Dfile.encoding=MS949 
java_command: Main
java_class_path (initial): C:\Users\±Ë¡¯¿œ\eclipse-workspace\Connect6\bin
Launcher Type: SUN_STANDARD

Environment Variables:
JAVA_HOME=C:\Program Files\Java\jdk1.8.0_221
CLASSPATH=%classpath%;.
PATH=C:/Program Files/Java/jdk1.8.0_221/bin/../jre/bin/server;C:/Program Files/Java/jdk1.8.0_221/bin/../jre/bin;C:/Program Files/Java/jdk1.8.0_221/bin/../jre/lib/amd64;C:\Python34\;C:\Python34\Scripts;C:\Program Files\Java\jdk1.8.0_221\bin;C:\Program Files (x86)\Common Files\Oracle\Java\javapath;C:\WINDOWS\system32;C:\WINDOWS;C:\WINDOWS\System32\Wbem;C:\WINDOWS\System32\WindowsPowerShell\v1.0\;C:\Program Files\Intel\WiFi\bin\;C:\Users\±Ë¡¯¿œ\Downloads\jnetpcap-1.4.r1425;C:\Program Files\Git\cmd;C:\Users\±Ë¡¯¿œ\Desktop\flutter\bin;C:\Users\±Ë¡¯¿œ\AppData\Local\android\Sdk\platform-tools;C:\Users\±Ë¡¯¿œ\AppData\Local\android\Sdk\platform-tools;C:\Program Files\Android\Android Studio\jre\bin;C:\Program Files (x86)\Windows Kits\10\Windows Performance Toolkit\;C:\WINDOWS\System32\OpenSSH\;C:\Program Files\PuTTY\;C:\Users\±Ë¡¯¿œ\Desktop\Dev-Cpp\MinGW64\share\doc\MinGW\bin;C:\MinGW\bin;C:\Program Files (x86)\IVI Foundation\VISA\WinNT\Bin;C:\Program Files\MySQL\MySQL Shell 8.0\bin\;C:\Users\±Ë¡¯¿œ\AppData\Local\Programs\Microsoft VS Code\bin;C:\Users\±Ë¡¯¿œ\AppData\Local\Microsoft\WindowsApps;;C:\Users\±Ë¡¯¿œ\Desktop\eclipse;
USERNAME=±Ë¡¯¿œ
OS=Windows_NT
PROCESSOR_IDENTIFIER=Intel64 Family 6 Model 142 Stepping 10, GenuineIntel



---------------  S Y S T E M  ---------------

OS: Windows 10.0 , 64 bit Build 18362 (10.0.18362.900)

CPU:total 8 (initial active 8) (4 cores per cpu, 2 threads per core) family 6 model 142 stepping 10, cmov, cx8, fxsr, mmx, sse, sse2, sse3, ssse3, sse4.1, sse4.2, popcnt, avx, avx2, aes, clmul, erms, 3dnowpref, lzcnt, ht, tsc, tscinvbit, bmi1, bmi2, adx

Memory: 4k page, physical 8268656k(615656k free), swap 29917448k(5688k free)

vm_info: Java HotSpot(TM) 64-Bit Server VM (25.221-b11) for windows-amd64 JRE (1.8.0_221-b11), built on Jul  4 2019 04:39:29 by "java_re" with MS VC++ 10.0 (VS2010)

time: Thu Jul 09 09:37:27 2020
timezone: ¥Î«—πŒ±π «•¡ÿΩ√
elapsed time: 1858 seconds (0d 0h 30m 58s)

