#
# There is insufficient memory for the Java Runtime Environment to continue.
# Native memory allocation (malloc) failed to allocate 84496 bytes for Chunk::new
# Possible reasons:
#   The system is out of physical RAM or swap space
#   The process is running with CompressedOops enabled, and the Java Heap may be blocking the growth of the native heap
# Possible solutions:
#   Reduce memory load on the system
#   Increase physical memory or swap space
#   Check if swap backing store is full
#   Decrease Java heap size (-Xmx/-Xms)
#   Decrease number of Java threads
#   Decrease Java thread stack sizes (-Xss)
#   Set larger code cache with -XX:ReservedCodeCacheSize=
#   JVM is running with Unscaled Compressed Oops mode in which the Java heap is
#     placed in the first 4GB address space. The Java Heap base address is the
#     maximum limit for the native heap growth. Please use -XX:HeapBaseMinAddress
#     to set the Java Heap base and to place the Java Heap above 4GB virtual address.
# This output file may be truncated or incomplete.
#
#  Out of Memory Error (allocation.cpp:389), pid=16812, tid=0x0000000000003e50
#
# JRE version: Java(TM) SE Runtime Environment (8.0_221-b11) (build 1.8.0_221-b11)
# Java VM: Java HotSpot(TM) 64-Bit Server VM (25.221-b11 mixed mode windows-amd64 compressed oops)
# Failed to write core dump. Minidumps are not enabled by default on client versions of Windows
#

---------------  T H R E A D  ---------------

Current thread (0x0000000019e7e800):  JavaThread "C2 CompilerThread0" daemon [_thread_in_native, id=15952, stack(0x000000001a690000,0x000000001a790000)]

Stack: [0x000000001a690000,0x000000001a790000]
[error occurred during error reporting (printing stack bounds), id 0xc0000005]

Native frames: (J=compiled Java code, j=interpreted, Vv=VM code, C=native code)


Current CompileTask:
C2:2392588 1420       4       java.awt.EventQueue$3::run (5 bytes)


---------------  P R O C E S S  ---------------

Java Threads: ( => current thread )
  0x000000001ca68800 JavaThread "TimerQueue" daemon [_thread_blocked, id=2852, stack(0x000000001e160000,0x000000001e260000)]
  0x0000000002afe800 JavaThread "DestroyJavaVM" [_thread_blocked, id=13732, stack(0x0000000002b00000,0x0000000002c00000)]
  0x000000001b1f6000 JavaThread "AWT-EventQueue-0" [_thread_blocked, id=9692, stack(0x000000001c2d0000,0x000000001c3d0000)]
  0x000000001ae23000 JavaThread "AWT-Windows" daemon [_thread_in_native, id=14444, stack(0x000000001b790000,0x000000001b890000)]
  0x000000001ae20800 JavaThread "AWT-Shutdown" [_thread_blocked, id=20388, stack(0x000000001b690000,0x000000001b790000)]
  0x000000001ae1f800 JavaThread "Java2D Disposer" daemon [_thread_blocked, id=9316, stack(0x000000001b590000,0x000000001b690000)]
  0x0000000019f20000 JavaThread "Service Thread" daemon [_thread_blocked, id=9604, stack(0x000000001aa90000,0x000000001ab90000)]
  0x0000000019e94800 JavaThread "C1 CompilerThread3" daemon [_thread_blocked, id=15300, stack(0x000000001a990000,0x000000001aa90000)]
  0x0000000019e84800 JavaThread "C2 CompilerThread2" daemon [_thread_blocked, id=15636, stack(0x000000001a890000,0x000000001a990000)]
  0x0000000019e83800 JavaThread "C2 CompilerThread1" daemon [_thread_blocked, id=17860, stack(0x000000001a790000,0x000000001a890000)]
=>0x0000000019e7e800 JavaThread "C2 CompilerThread0" daemon [_thread_in_native, id=15952, stack(0x000000001a690000,0x000000001a790000)]
  0x0000000019e7b800 JavaThread "Attach Listener" daemon [_thread_blocked, id=14640, stack(0x000000001a590000,0x000000001a690000)]
  0x0000000019e28000 JavaThread "Signal Dispatcher" daemon [_thread_blocked, id=6360, stack(0x000000001a490000,0x000000001a590000)]
  0x0000000019e11000 JavaThread "Finalizer" daemon [_thread_blocked, id=20028, stack(0x000000001a2f0000,0x000000001a3f0000)]
  0x0000000019e10800 JavaThread "Reference Handler" daemon [_thread_blocked, id=14008, stack(0x000000001a1f0000,0x000000001a2f0000)]

Other Threads:
  0x0000000018018800 VMThread [stack: 0x0000000019cf0000,0x0000000019df0000] [id=7860]
  0x0000000019f59000 WatcherThread [stack: 0x000000001ab90000,0x000000001ac90000] [id=10028]

VM state:not at safepoint (normal execution)

VM Mutex/Monitor currently owned by a thread: None

heap address: 0x0000000081c00000, size: 2020 MB, Compressed Oops mode: 32-bit
Narrow klass base: 0x0000000000000000, Narrow klass shift: 3
Compressed class space size: 1073741824 Address: 0x0000000100000000

Heap:
 PSYoungGen      total 196096K, used 84218K [0x00000000d5f00000, 0x00000000e3900000, 0x0000000100000000)
  eden space 184832K, 42% used [0x00000000d5f00000,0x00000000dab80570,0x00000000e1380000)
  from space 11264K, 52% used [0x00000000e1e80000,0x00000000e243e410,0x00000000e2980000)
  to   space 11264K, 0% used [0x00000000e1380000,0x00000000e1380000,0x00000000e1e80000)
 ParOldGen       total 208896K, used 93495K [0x0000000081c00000, 0x000000008e800000, 0x00000000d5f00000)
  object space 208896K, 44% used [0x0000000081c00000,0x000000008774dec0,0x000000008e800000)
 Metaspace       used 11341K, capacity 11572K, committed 11648K, reserved 1058816K
  class space    used 1286K, capacity 1356K, committed 1408K, reserved 1048576K

Card table byte_map: [0x0000000012430000,0x0000000012830000] byte_map_base: 0x0000000012022000

Marking Bits: (ParMarkBitMap*) 0x000000006d2d5ce0
 Begin Bits: [0x00000000132e0000, 0x0000000015270000)
 End Bits:   [0x0000000015270000, 0x0000000017200000)

Polling page: 0x00000000012f0000

CodeCache: size=245760Kb used=4590Kb max_used=4729Kb free=241169Kb
 bounds [0x0000000003070000, 0x0000000003530000, 0x0000000012070000]
 total_blobs=1789 nmethods=1310 adapters=391
 compilation: enabled

Compilation events (10 events):
Event: 2205.357 Thread 0x0000000019e7e800 nmethod 1415 0x0000000003185b90 code [0x0000000003185ce0, 0x0000000003185d98]
Event: 2230.381 Thread 0x0000000019e83800 1416   !   4       java.awt.EventQueue::setCurrentEventAndMostRecentTimeImpl (185 bytes)
Event: 2230.390 Thread 0x0000000019e83800 nmethod 1416 0x0000000003210f50 code [0x0000000003211100, 0x00000000032116b0]
Event: 2257.416 Thread 0x0000000019e7e800 1417       4       javax.swing.RepaintManager::currentManager (37 bytes)
Event: 2257.419 Thread 0x0000000019e7e800 nmethod 1417 0x00000000032bbfd0 code [0x00000000032bc120, 0x00000000032bc1c8]
Event: 2264.424 Thread 0x0000000019e84800 1418       4       java.awt.EventQueue::dispatchEvent (80 bytes)
Event: 2264.451 Thread 0x0000000019e84800 nmethod 1418 0x00000000032d8390 code [0x00000000032d8580, 0x00000000032d92d0]
Event: 2268.427 Thread 0x0000000019e83800 1419   !   4       java.awt.EventDispatchThread::filterAndCheckEvent (108 bytes)
Event: 2268.435 Thread 0x0000000019e83800 nmethod 1419 0x00000000031728d0 code [0x0000000003172a20, 0x0000000003172eb8]
Event: 2392.565 Thread 0x0000000019e7e800 1420       4       java.awt.EventQueue$3::run (5 bytes)

GC Heap History (10 events):
Event: 11.829 GC heap before
{Heap before GC invocations=7 (full 2):
 PSYoungGen      total 128000K, used 127488K [0x00000000d5f00000, 0x00000000de680000, 0x0000000100000000)
  eden space 127488K, 100% used [0x00000000d5f00000,0x00000000ddb80000,0x00000000ddb80000)
  from space 512K, 0% used [0x00000000de600000,0x00000000de600000,0x00000000de680000)
  to   space 5120K, 0% used [0x00000000ddc80000,0x00000000ddc80000,0x00000000de180000)
 ParOldGen       total 140800K, used 31539K [0x0000000081c00000, 0x000000008a580000, 0x00000000d5f00000)
  object space 140800K, 22% used [0x0000000081c00000,0x0000000083accfd8,0x000000008a580000)
 Metaspace       used 11146K, capacity 11302K, committed 11392K, reserved 1058816K
  class space    used 1283K, capacity 1355K, committed 1408K, reserved 1048576K
Event: 11.835 GC heap after
Heap after GC invocations=7 (full 2):
 PSYoungGen      total 133632K, used 288K [0x00000000d5f00000, 0x00000000e1200000, 0x0000000100000000)
  eden space 128512K, 0% used [0x00000000d5f00000,0x00000000d5f00000,0x00000000ddc80000)
  from space 5120K, 5% used [0x00000000ddc80000,0x00000000ddcc8000,0x00000000de180000)
  to   space 11264K, 0% used [0x00000000e0700000,0x00000000e0700000,0x00000000e1200000)
 ParOldGen       total 140800K, used 65298K [0x0000000081c00000, 0x000000008a580000, 0x00000000d5f00000)
  object space 140800K, 46% used [0x0000000081c00000,0x0000000085bc4838,0x000000008a580000)
 Metaspace       used 11146K, capacity 11302K, committed 11392K, reserved 1058816K
  class space    used 1283K, capacity 1355K, committed 1408K, reserved 1048576K
}
Event: 14.503 GC heap before
{Heap before GC invocations=8 (full 2):
 PSYoungGen      total 133632K, used 128800K [0x00000000d5f00000, 0x00000000e1200000, 0x0000000100000000)
  eden space 128512K, 100% used [0x00000000d5f00000,0x00000000ddc80000,0x00000000ddc80000)
  from space 5120K, 5% used [0x00000000ddc80000,0x00000000ddcc8000,0x00000000de180000)
  to   space 11264K, 0% used [0x00000000e0700000,0x00000000e0700000,0x00000000e1200000)
 ParOldGen       total 140800K, used 65298K [0x0000000081c00000, 0x000000008a580000, 0x00000000d5f00000)
  object space 140800K, 46% used [0x0000000081c00000,0x0000000085bc4838,0x000000008a580000)
 Metaspace       used 11156K, capacity 11308K, committed 11392K, reserved 1058816K
  class space    used 1284K, capacity 1356K, committed 1408K, reserved 1048576K
Event: 14.509 GC heap after
Heap after GC invocations=8 (full 2):
 PSYoungGen      total 162816K, used 5913K [0x00000000d5f00000, 0x00000000e0d80000, 0x0000000100000000)
  eden space 156160K, 0% used [0x00000000d5f00000,0x00000000d5f00000,0x00000000df780000)
  from space 6656K, 88% used [0x00000000e0700000,0x00000000e0cc6410,0x00000000e0d80000)
  to   space 11264K, 0% used [0x00000000df780000,0x00000000df780000,0x00000000e0280000)
 ParOldGen       total 140800K, used 93431K [0x0000000081c00000, 0x000000008a580000, 0x00000000d5f00000)
  object space 140800K, 66% used [0x0000000081c00000,0x000000008773dc88,0x000000008a580000)
 Metaspace       used 11156K, capacity 11308K, committed 11392K, reserved 1058816K
  class space    used 1284K, capacity 1356K, committed 1408K, reserved 1048576K
}
Event: 17.115 GC heap before
{Heap before GC invocations=9 (full 2):
 PSYoungGen      total 162816K, used 162073K [0x00000000d5f00000, 0x00000000e0d80000, 0x0000000100000000)
  eden space 156160K, 100% used [0x00000000d5f00000,0x00000000df780000,0x00000000df780000)
  from space 6656K, 88% used [0x00000000e0700000,0x00000000e0cc6410,0x00000000e0d80000)
  to   space 11264K, 0% used [0x00000000df780000,0x00000000df780000,0x00000000e0280000)
 ParOldGen       total 140800K, used 93431K [0x0000000081c00000, 0x000000008a580000, 0x00000000d5f00000)
  object space 140800K, 66% used [0x0000000081c00000,0x000000008773dc88,0x000000008a580000)
 Metaspace       used 11162K, capacity 11308K, committed 11392K, reserved 1058816K
  class space    used 1284K, capacity 1356K, committed 1408K, reserved 1048576K
Event: 17.126 GC heap after
Heap after GC invocations=9 (full 2):
 PSYoungGen      total 167424K, used 5945K [0x00000000d5f00000, 0x00000000e2980000, 0x0000000100000000)
  eden space 156160K, 0% used [0x00000000d5f00000,0x00000000d5f00000,0x00000000df780000)
  from space 11264K, 52% used [0x00000000df780000,0x00000000dfd4e410,0x00000000e0280000)
  to   space 11264K, 0% used [0x00000000e1e80000,0x00000000e1e80000,0x00000000e2980000)
 ParOldGen       total 140800K, used 138431K [0x0000000081c00000, 0x000000008a580000, 0x00000000d5f00000)
  object space 140800K, 98% used [0x0000000081c00000,0x000000008a32fd08,0x000000008a580000)
 Metaspace       used 11162K, capacity 11308K, committed 11392K, reserved 1058816K
  class space    used 1284K, capacity 1356K, committed 1408K, reserved 1048576K
}
Event: 17.126 GC heap before
{Heap before GC invocations=10 (full 3):
 PSYoungGen      total 167424K, used 5945K [0x00000000d5f00000, 0x00000000e2980000, 0x0000000100000000)
  eden space 156160K, 0% used [0x00000000d5f00000,0x00000000d5f00000,0x00000000df780000)
  from space 11264K, 52% used [0x00000000df780000,0x00000000dfd4e410,0x00000000e0280000)
  to   space 11264K, 0% used [0x00000000e1e80000,0x00000000e1e80000,0x00000000e2980000)
 ParOldGen       total 140800K, used 138431K [0x0000000081c00000, 0x000000008a580000, 0x00000000d5f00000)
  object space 140800K, 98% used [0x0000000081c00000,0x000000008a32fd08,0x000000008a580000)
 Metaspace       used 11162K, capacity 11308K, committed 11392K, reserved 1058816K
  class space    used 1284K, capacity 1356K, committed 1408K, reserved 1048576K
Event: 17.150 GC heap after
Heap after GC invocations=10 (full 3):
 PSYoungGen      total 167424K, used 0K [0x00000000d5f00000, 0x00000000e2980000, 0x0000000100000000)
  eden space 156160K, 0% used [0x00000000d5f00000,0x00000000d5f00000,0x00000000df780000)
  from space 11264K, 0% used [0x00000000df780000,0x00000000df780000,0x00000000e0280000)
  to   space 11264K, 0% used [0x00000000e1e80000,0x00000000e1e80000,0x00000000e2980000)
 ParOldGen       total 208896K, used 65370K [0x0000000081c00000, 0x000000008e800000, 0x00000000d5f00000)
  object space 208896K, 31% used [0x0000000081c00000,0x0000000085bd6a70,0x000000008e800000)
 Metaspace       used 11162K, capacity 11308K, committed 11392K, reserved 1058816K
  class space    used 1284K, capacity 1356K, committed 1408K, reserved 1048576K
}
Event: 17.441 GC heap before
{Heap before GC invocations=11 (full 3):
 PSYoungGen      total 167424K, used 156160K [0x00000000d5f00000, 0x00000000e2980000, 0x0000000100000000)
  eden space 156160K, 100% used [0x00000000d5f00000,0x00000000df780000,0x00000000df780000)
  from space 11264K, 0% used [0x00000000df780000,0x00000000df780000,0x00000000e0280000)
  to   space 11264K, 0% used [0x00000000e1e80000,0x00000000e1e80000,0x00000000e2980000)
 ParOldGen       total 208896K, used 65370K [0x0000000081c00000, 0x000000008e800000, 0x00000000d5f00000)
  object space 208896K, 31% used [0x0000000081c00000,0x0000000085bd6a70,0x000000008e800000)
 Metaspace       used 11166K, capacity 11372K, committed 11648K, reserved 1058816K
  class space    used 1284K, capacity 1356K, committed 1408K, reserved 1048576K
Event: 17.448 GC heap after
Heap after GC invocations=11 (full 3):
 PSYoungGen      total 196096K, used 5881K [0x00000000d5f00000, 0x00000000e3900000, 0x0000000100000000)
  eden space 184832K, 0% used [0x00000000d5f00000,0x00000000d5f00000,0x00000000e1380000)
  from space 11264K, 52% used [0x00000000e1e80000,0x00000000e243e410,0x00000000e2980000)
  to   space 11264K, 0% used [0x00000000e1380000,0x00000000e1380000,0x00000000e1e80000)
 ParOldGen       total 208896K, used 93495K [0x0000000081c00000, 0x000000008e800000, 0x00000000d5f00000)
  object space 208896K, 44% used [0x0000000081c00000,0x000000008774dec0,0x000000008e800000)
 Metaspace       used 11166K, capacity 11372K, committed 11648K, reserved 1058816K
  class space    used 1284K, capacity 1356K, committed 1408K, reserved 1048576K
}

Deoptimization events (10 events):
Event: 0.704 Thread 0x000000001b1f6000 Uncommon trap: reason=unstable_if action=reinterpret pc=0x0000000003384474 method=java.lang.Character.isSurrogate(C)Z @ 3
Event: 0.704 Thread 0x000000001b1f6000 Uncommon trap: reason=unstable_if action=reinterpret pc=0x00000000032e8fd4 method=java.lang.String.toLowerCase(Ljava/util/Locale;)Ljava/lang/String; @ 37
Event: 3.431 Thread 0x000000001b1f6000 Uncommon trap: reason=unstable_if action=reinterpret pc=0x00000000033cf548 method=java.awt.Component.inside(II)Z @ 21
Event: 6.439 Thread 0x000000001ae82000 Uncommon trap: reason=range_check action=make_not_entrant pc=0x00000000032a2da4 method=java.awt.image.DirectColorModel.setFields()V @ 65
Event: 84.199 Thread 0x000000001b1f6000 Uncommon trap: reason=speculate_class_check action=maybe_recompile pc=0x00000000034d2fa0 method=java.awt.EventQueue.coalesceEvent(Ljava/awt/AWTEvent;I)Z @ 53
Event: 84.805 Thread 0x000000001b1f6000 Uncommon trap: reason=speculate_class_check action=maybe_recompile pc=0x00000000034d2fa0 method=java.awt.EventQueue.coalesceEvent(Ljava/awt/AWTEvent;I)Z @ 53
Event: 84.812 Thread 0x000000001b1f6000 Uncommon trap: reason=speculate_class_check action=maybe_recompile pc=0x00000000034d2fa0 method=java.awt.EventQueue.coalesceEvent(Ljava/awt/AWTEvent;I)Z @ 53
Event: 84.819 Thread 0x000000001b1f6000 Uncommon trap: reason=speculate_class_check action=maybe_recompile pc=0x00000000034d2fa0 method=java.awt.EventQueue.coalesceEvent(Ljava/awt/AWTEvent;I)Z @ 53
Event: 103.765 Thread 0x000000001b1f6000 Uncommon trap: reason=unstable_if action=reinterpret pc=0x00000000032600a8 method=java.awt.EventQueue.coalesceEvent(Ljava/awt/AWTEvent;I)Z @ 72
Event: 103.788 Thread 0x000000001b1f6000 Uncommon trap: reason=unstable_if action=reinterpret pc=0x00000000034ca53c method=java.awt.EventQueue.eventToCacheIndex(Ljava/awt/AWTEvent;)I @ 71

Classes redefined (0 events):
No events

Internal exceptions (10 events):
Event: 0.455 Thread 0x0000000002afe800 Exception <a 'java/io/FileNotFoundException'> (0x00000000d5f4c998) thrown at [C:\re\workspace\8-2-build-windows-amd64-cygwin\jdk8u221\13320\hotspot\src\share\vm\prims\jni.cpp, line 710]
Event: 0.455 Thread 0x0000000002afe800 Exception <a 'java/lang/NullPointerException'> (0x00000000d5f4d040) thrown at [C:\re\workspace\8-2-build-windows-amd64-cygwin\jdk8u221\13320\hotspot\src\share\vm\interpreter\linkResolver.cpp, line 1185]
Event: 0.552 Thread 0x000000001b1f6000 Exception <a 'java/io/FileNotFoundException'> (0x00000000d670aac8) thrown at [C:\re\workspace\8-2-build-windows-amd64-cygwin\jdk8u221\13320\hotspot\src\share\vm\prims\jni.cpp, line 710]
Event: 0.553 Thread 0x000000001b1f6000 Exception <a 'java/io/FileNotFoundException'> (0x00000000d670e048) thrown at [C:\re\workspace\8-2-build-windows-amd64-cygwin\jdk8u221\13320\hotspot\src\share\vm\prims\jni.cpp, line 710]
Event: 0.554 Thread 0x000000001b1f6000 Exception <a 'java/io/FileNotFoundException'> (0x00000000d6711560) thrown at [C:\re\workspace\8-2-build-windows-amd64-cygwin\jdk8u221\13320\hotspot\src\share\vm\prims\jni.cpp, line 710]
Event: 0.555 Thread 0x000000001b1f6000 Exception <a 'java/io/FileNotFoundException'> (0x00000000d6718128) thrown at [C:\re\workspace\8-2-build-windows-amd64-cygwin\jdk8u221\13320\hotspot\src\share\vm\prims\jni.cpp, line 710]
Event: 0.565 Thread 0x000000001b1f6000 Exception <a 'java/io/FileNotFoundException'> (0x00000000d6755a68) thrown at [C:\re\workspace\8-2-build-windows-amd64-cygwin\jdk8u221\13320\hotspot\src\share\vm\prims\jni.cpp, line 710]
Event: 0.566 Thread 0x000000001b1f6000 Exception <a 'java/io/FileNotFoundException'> (0x00000000d6758fc8) thrown at [C:\re\workspace\8-2-build-windows-amd64-cygwin\jdk8u221\13320\hotspot\src\share\vm\prims\jni.cpp, line 710]
Event: 0.566 Thread 0x000000001b1f6000 Exception <a 'java/io/FileNotFoundException'> (0x00000000d675c4c0) thrown at [C:\re\workspace\8-2-build-windows-amd64-cygwin\jdk8u221\13320\hotspot\src\share\vm\prims\jni.cpp, line 710]
Event: 0.567 Thread 0x000000001b1f6000 Exception <a 'java/io/FileNotFoundException'> (0x00000000d67631e8) thrown at [C:\re\workspace\8-2-build-windows-amd64-cygwin\jdk8u221\13320\hotspot\src\share\vm\prims\jni.cpp, line 710]

Events (10 events):
Event: 2257.420 Thread 0x0000000019e7e800 flushing nmethod 0x00000000032ea210
Event: 2257.420 Thread 0x0000000019e7e800 flushing nmethod 0x00000000032ea6d0
Event: 2257.420 Thread 0x0000000019e7e800 flushing nmethod 0x00000000032eb3d0
Event: 2257.420 Thread 0x0000000019e7e800 flushing nmethod 0x00000000032eb750
Event: 2264.451 Thread 0x0000000019e84800 flushing nmethod 0x00000000032f5a10
Event: 2264.452 Thread 0x0000000019e84800 flushing nmethod 0x000000000330f0d0
Event: 2264.452 Thread 0x0000000019e84800 flushing nmethod 0x000000000330ff90
Event: 2268.435 Thread 0x0000000019e83800 flushing nmethod 0x0000000003314e90
Event: 2268.435 Thread 0x0000000019e83800 flushing nmethod 0x000000000331c810
Event: 2268.435 Thread 0x0000000019e83800 flushing nmethod 0x000000000333c6d0


Dynamic libraries:
0x00007ff7d7b20000 - 0x00007ff7d7b57000 	C:\Program Files\Java\jdk1.8.0_221\bin\javaw.exe
0x00007ffffbd60000 - 0x00007ffffbf50000 	C:\WINDOWS\SYSTEM32\ntdll.dll
0x00007ffff9e10000 - 0x00007ffff9ec2000 	C:\WINDOWS\System32\KERNEL32.DLL
0x00007ffff8cf0000 - 0x00007ffff8f94000 	C:\WINDOWS\System32\KERNELBASE.dll
0x00007ffffb480000 - 0x00007ffffb523000 	C:\WINDOWS\System32\ADVAPI32.dll
0x00007ffffb6d0000 - 0x00007ffffb76e000 	C:\WINDOWS\System32\msvcrt.dll
0x00007ffffa030000 - 0x00007ffffa0c7000 	C:\WINDOWS\System32\sechost.dll
0x00007ffffa0d0000 - 0x00007ffffa1f0000 	C:\WINDOWS\System32\RPCRT4.dll
0x00007ffffb530000 - 0x00007ffffb6c4000 	C:\WINDOWS\System32\USER32.dll
0x00007ffff9c40000 - 0x00007ffff9c61000 	C:\WINDOWS\System32\win32u.dll
0x00007ffffb080000 - 0x00007ffffb0a6000 	C:\WINDOWS\System32\GDI32.dll
0x00007ffff9c70000 - 0x00007ffff9e05000 	C:\WINDOWS\System32\gdi32full.dll
0x00007ffff9380000 - 0x00007ffff941e000 	C:\WINDOWS\System32\msvcp_win.dll
0x00007ffff9280000 - 0x00007ffff937a000 	C:\WINDOWS\System32\ucrtbase.dll
0x00007fffe34d0000 - 0x00007fffe3754000 	C:\WINDOWS\WinSxS\amd64_microsoft.windows.common-controls_6595b64144ccf1df_6.0.18362.900_none_e6beb9d913147d17\COMCTL32.dll
0x00007ffffb940000 - 0x00007ffffbc75000 	C:\WINDOWS\System32\combase.dll
0x00007ffff9bc0000 - 0x00007ffff9c40000 	C:\WINDOWS\System32\bcryptPrimitives.dll
0x00007ffffb120000 - 0x00007ffffb14e000 	C:\WINDOWS\System32\IMM32.DLL
0x000000006d3a0000 - 0x000000006d472000 	C:\Program Files\Java\jdk1.8.0_221\jre\bin\msvcr100.dll
0x000000006cab0000 - 0x000000006d355000 	C:\Program Files\Java\jdk1.8.0_221\jre\bin\server\jvm.dll
0x00007ffffbc80000 - 0x00007ffffbc88000 	C:\WINDOWS\System32\PSAPI.DLL
0x00007ffff67f0000 - 0x00007ffff6814000 	C:\WINDOWS\SYSTEM32\WINMM.dll
0x00007fffe7190000 - 0x00007fffe7199000 	C:\WINDOWS\SYSTEM32\WSOCK32.dll
0x00007ffff0ed0000 - 0x00007ffff0eda000 	C:\WINDOWS\SYSTEM32\VERSION.dll
0x00007ffffb0b0000 - 0x00007ffffb11f000 	C:\WINDOWS\System32\WS2_32.dll
0x00007ffff6770000 - 0x00007ffff679d000 	C:\WINDOWS\SYSTEM32\WINMMBASE.dll
0x00007ffff8fa0000 - 0x00007ffff8fea000 	C:\WINDOWS\System32\cfgmgr32.dll
0x00007ffff4e50000 - 0x00007ffff4e5f000 	C:\Program Files\Java\jdk1.8.0_221\jre\bin\verify.dll
0x00007ffff0e70000 - 0x00007ffff0e99000 	C:\Program Files\Java\jdk1.8.0_221\jre\bin\java.dll
0x00007ffff3320000 - 0x00007ffff3336000 	C:\Program Files\Java\jdk1.8.0_221\jre\bin\zip.dll
0x00007ffffa1f0000 - 0x00007ffffa8d6000 	C:\WINDOWS\System32\SHELL32.dll
0x00007ffffaa80000 - 0x00007ffffab29000 	C:\WINDOWS\System32\shcore.dll
0x00007ffff9420000 - 0x00007ffff9ba0000 	C:\WINDOWS\System32\windows.storage.dll
0x00007ffff8c50000 - 0x00007ffff8c73000 	C:\WINDOWS\System32\profapi.dll
0x00007ffff8ca0000 - 0x00007ffff8cea000 	C:\WINDOWS\System32\powrprof.dll
0x00007ffff8c20000 - 0x00007ffff8c30000 	C:\WINDOWS\System32\UMPDC.dll
0x00007ffffb420000 - 0x00007ffffb472000 	C:\WINDOWS\System32\shlwapi.dll
0x00007ffff8c80000 - 0x00007ffff8c91000 	C:\WINDOWS\System32\kernel.appcore.dll
0x00007ffff9ba0000 - 0x00007ffff9bb7000 	C:\WINDOWS\System32\cryptsp.dll
0x00007fffc68e0000 - 0x00007fffc6a79000 	C:\Program Files\Java\jdk1.8.0_221\jre\bin\awt.dll
0x00007ffffafb0000 - 0x00007ffffb075000 	C:\WINDOWS\System32\OLEAUT32.dll
0x00007ffff6820000 - 0x00007ffff68af000 	C:\WINDOWS\SYSTEM32\apphelp.dll
0x00007ffff7010000 - 0x00007ffff703d000 	C:\WINDOWS\system32\DWMAPI.DLL
0x00007ffff6be0000 - 0x00007ffff6c79000 	C:\WINDOWS\system32\uxtheme.dll
0x00007fffd7250000 - 0x00007fffd73a6000 	C:\WINDOWS\system32\opengl32.dll
0x00007fffd7ac0000 - 0x00007fffd7aec000 	C:\WINDOWS\SYSTEM32\GLU32.dll
0x00007ffff7890000 - 0x00007ffff78b0000 	C:\WINDOWS\SYSTEM32\dxcore.dll
0x00007ffffa8e0000 - 0x00007ffffaa15000 	C:\WINDOWS\System32\MSCTF.dll
0x00007ffff9ed0000 - 0x00007ffffa027000 	C:\WINDOWS\System32\ole32.dll
0x00007fffefc20000 - 0x00007fffefc51000 	C:\Program Files\Java\jdk1.8.0_221\jre\bin\jpeg.dll
0x00007fffe9920000 - 0x00007fffe9969000 	C:\Program Files\Java\jdk1.8.0_221\jre\bin\fontmanager.dll
0x00007fffe38a0000 - 0x00007fffe393e000 	C:\WINDOWS\System32\TextInputFramework.dll
0x00007ffff61a0000 - 0x00007ffff6274000 	C:\WINDOWS\System32\CoreMessaging.dll
0x00007ffff3f50000 - 0x00007ffff427a000 	C:\WINDOWS\System32\CoreUIComponents.dll
0x00007ffff7d90000 - 0x00007ffff7dc1000 	C:\WINDOWS\SYSTEM32\ntmarta.dll
0x00007ffff4530000 - 0x00007ffff4683000 	C:\WINDOWS\SYSTEM32\wintypes.dll
0x00007ffff1d10000 - 0x00007ffff1d2a000 	C:\Program Files\Java\jdk1.8.0_221\jre\bin\net.dll
0x00007fffe7600000 - 0x00007fffe77d6000 	C:\WINDOWS\SYSTEM32\urlmon.dll
0x00007fffe7350000 - 0x00007fffe75f6000 	C:\WINDOWS\SYSTEM32\iertutil.dll
0x00007ffff8600000 - 0x00007ffff860c000 	C:\WINDOWS\SYSTEM32\CRYPTBASE.DLL
0x00007ffff8430000 - 0x00007ffff8497000 	C:\WINDOWS\system32\mswsock.dll
0x00007ffff1cc0000 - 0x00007ffff1cd2000 	C:\Program Files\Java\jdk1.8.0_221\jre\bin\nio.dll
0x00007fffe8e00000 - 0x00007fffe8e42000 	C:\Program Files\Java\jdk1.8.0_221\jre\bin\t2k.dll
0x00007ffffb150000 - 0x00007ffffb1f2000 	C:\WINDOWS\System32\clbcatq.dll
0x00007fffc0f80000 - 0x00007fffc104f000 	C:\Windows\System32\IME\IMEKR\imkrtip.dll
0x00007ffff5050000 - 0x00007ffff5140000 	C:\WINDOWS\SYSTEM32\PROPSYS.dll
0x00007fffc0e40000 - 0x00007fffc0f79000 	C:\Windows\System32\IME\shared\imetip.dll
0x00007fffe4310000 - 0x00007fffe4375000 	C:\WINDOWS\SYSTEM32\OLEACC.dll
0x00007fffce420000 - 0x00007fffce5d3000 	C:\WINDOWS\SYSTEM32\DUI70.dll
0x00007fffce270000 - 0x00007fffce2ae000 	C:\Windows\System32\IME\IMEKR\imkrapi.dll
0x00007fffce180000 - 0x00007fffce1bc000 	C:\Windows\System32\IME\shared\imjkapi.dll
0x00007ffff4280000 - 0x00007ffff42e5000 	C:\WINDOWS\system32\Ninput.dll

VM Arguments:
jvm_args: -Dfile.encoding=MS949 
java_command: Main
java_class_path (initial): C:\Users\±Ë¡¯¿œ\eclipse-workspace\Connect6\bin
Launcher Type: SUN_STANDARD

Environment Variables:
JAVA_HOME=C:\Program Files\Java\jdk1.8.0_221
CLASSPATH=%classpath%;.
PATH=C:/Program Files/Java/jdk1.8.0_221/bin/../jre/bin/server;C:/Program Files/Java/jdk1.8.0_221/bin/../jre/bin;C:/Program Files/Java/jdk1.8.0_221/bin/../jre/lib/amd64;C:\Python34\;C:\Python34\Scripts;C:\Program Files\Java\jdk1.8.0_221\bin;C:\Program Files (x86)\Common Files\Oracle\Java\javapath;C:\WINDOWS\system32;C:\WINDOWS;C:\WINDOWS\System32\Wbem;C:\WINDOWS\System32\WindowsPowerShell\v1.0\;C:\Program Files\Intel\WiFi\bin\;C:\Users\±Ë¡¯¿œ\Downloads\jnetpcap-1.4.r1425;C:\Program Files\Git\cmd;C:\Users\±Ë¡¯¿œ\Desktop\flutter\bin;C:\Users\±Ë¡¯¿œ\AppData\Local\android\Sdk\platform-tools;C:\Users\±Ë¡¯¿œ\AppData\Local\android\Sdk\platform-tools;C:\Program Files\Android\Android Studio\jre\bin;C:\Program Files (x86)\Windows Kits\10\Windows Performance Toolkit\;C:\WINDOWS\System32\OpenSSH\;C:\Program Files\PuTTY\;C:\Users\±Ë¡¯¿œ\Desktop\Dev-Cpp\MinGW64\share\doc\MinGW\bin;C:\MinGW\bin;C:\Program Files (x86)\IVI Foundation\VISA\WinNT\Bin;C:\Program Files\MySQL\MySQL Shell 8.0\bin\;C:\Users\±Ë¡¯¿œ\AppData\Local\Programs\Microsoft VS Code\bin;C:\Users\±Ë¡¯¿œ\AppData\Local\Microsoft\WindowsApps;;C:\Program Files (x86)\ESTsoft\ALSee\x64;C:\Users\±Ë¡¯¿œ\Desktop\eclipse;
USERNAME=±Ë¡¯¿œ
OS=Windows_NT
PROCESSOR_IDENTIFIER=Intel64 Family 6 Model 142 Stepping 10, GenuineIntel



---------------  S Y S T E M  ---------------

OS: Windows 10.0 , 64 bit Build 18362 (10.0.18362.900)

CPU:total 8 (initial active 8) (4 cores per cpu, 2 threads per core) family 6 model 142 stepping 10, cmov, cx8, fxsr, mmx, sse, sse2, sse3, ssse3, sse4.1, sse4.2, popcnt, avx, avx2, aes, clmul, erms, 3dnowpref, lzcnt, ht, tsc, tscinvbit, bmi1, bmi2, adx

Memory: 4k page, physical 8268656k(1858396k free), swap 31139832k(4288k free)

vm_info: Java HotSpot(TM) 64-Bit Server VM (25.221-b11) for windows-amd64 JRE (1.8.0_221-b11), built on Jul  4 2019 04:39:29 by "java_re" with MS VC++ 10.0 (VS2010)

time: Thu Jul 09 15:59:22 2020
timezone: ¥Î«—πŒ±π «•¡ÿΩ√
elapsed time: 2392 seconds (0d 0h 39m 52s)

